<?xml version="1.0" encoding="UTF-8"?>
<coverage generated="1668213713361" clover="3.2.0">
  <project timestamp="1668213713362" name="All files">
    <metrics statements="449" coveredstatements="448" conditionals="138" coveredconditionals="136" methods="74" coveredmethods="73" elements="661" coveredelements="657" complexity="0" loc="449" ncloc="449" packages="5" files="16" classes="16"/>
    <package name="express-jobly">
      <metrics statements="52" coveredstatements="51" conditionals="18" coveredconditionals="16" methods="8" coveredmethods="7"/>
      <file name="app.js" path="/home/mtbocim/Rithm_exercises/express-jobly/app.js">
        <metrics statements="26" coveredstatements="26" conditionals="4" coveredconditionals="4" methods="2" coveredmethods="2"/>
        <line num="5" count="5" type="stmt"/>
        <line num="6" count="5" type="stmt"/>
        <line num="8" count="5" type="stmt"/>
        <line num="10" count="5" type="stmt"/>
        <line num="11" count="5" type="stmt"/>
        <line num="12" count="5" type="stmt"/>
        <line num="13" count="5" type="stmt"/>
        <line num="14" count="5" type="stmt"/>
        <line num="16" count="5" type="stmt"/>
        <line num="18" count="5" type="stmt"/>
        <line num="20" count="5" type="stmt"/>
        <line num="21" count="5" type="stmt"/>
        <line num="22" count="5" type="stmt"/>
        <line num="23" count="5" type="stmt"/>
        <line num="25" count="5" type="stmt"/>
        <line num="26" count="5" type="stmt"/>
        <line num="27" count="5" type="stmt"/>
        <line num="28" count="5" type="stmt"/>
        <line num="32" count="5" type="stmt"/>
        <line num="33" count="2" type="stmt"/>
        <line num="37" count="5" type="stmt"/>
        <line num="38" count="71" type="cond" truecount="2" falsecount="0"/>
        <line num="39" count="71" type="cond" truecount="2" falsecount="0"/>
        <line num="40" count="71" type="stmt"/>
        <line num="42" count="71" type="stmt"/>
        <line num="47" count="5" type="stmt"/>
      </file>
      <file name="config.js" path="/home/mtbocim/Rithm_exercises/express-jobly/config.js">
        <metrics statements="13" coveredstatements="13" conditionals="10" coveredconditionals="10" methods="1" coveredmethods="1"/>
        <line num="5" count="11" type="stmt"/>
        <line num="6" count="11" type="stmt"/>
        <line num="8" count="11" type="cond" truecount="2" falsecount="0"/>
        <line num="10" count="11" type="cond" truecount="2" falsecount="0"/>
        <line num="20" count="21" type="cond" truecount="2" falsecount="0"/>
        <line num="29" count="11" type="cond" truecount="2" falsecount="0"/>
        <line num="31" count="11" type="stmt"/>
        <line num="32" count="11" type="stmt"/>
        <line num="33" count="11" type="stmt"/>
        <line num="34" count="11" type="stmt"/>
        <line num="35" count="11" type="stmt"/>
        <line num="36" count="11" type="stmt"/>
        <line num="38" count="11" type="stmt"/>
      </file>
      <file name="db.js" path="/home/mtbocim/Rithm_exercises/express-jobly/db.js">
        <metrics statements="5" coveredstatements="5" conditionals="0" coveredconditionals="0" methods="0" coveredmethods="0"/>
        <line num="5" count="8" type="stmt"/>
        <line num="6" count="8" type="stmt"/>
        <line num="8" count="8" type="stmt"/>
        <line num="12" count="8" type="stmt"/>
        <line num="14" count="8" type="stmt"/>
      </file>
      <file name="expressError.js" path="/home/mtbocim/Rithm_exercises/express-jobly/expressError.js">
        <metrics statements="8" coveredstatements="7" conditionals="4" coveredconditionals="2" methods="5" coveredmethods="4"/>
        <line num="9" count="105" type="stmt"/>
        <line num="10" count="105" type="stmt"/>
        <line num="11" count="105" type="stmt"/>
        <line num="19" count="20" type="stmt"/>
        <line num="27" count="43" type="stmt"/>
        <line num="35" count="42" type="stmt"/>
        <line num="43" count="0" type="stmt"/>
        <line num="47" count="10" type="stmt"/>
      </file>
    </package>
    <package name="express-jobly.helpers">
      <metrics statements="15" coveredstatements="15" conditionals="6" coveredconditionals="6" methods="3" coveredmethods="3"/>
      <file name="sql.js" path="/home/mtbocim/Rithm_exercises/express-jobly/helpers/sql.js">
        <metrics statements="9" coveredstatements="9" conditionals="4" coveredconditionals="4" methods="2" coveredmethods="2"/>
        <line num="1" count="9" type="stmt"/>
        <line num="2" count="9" type="stmt"/>
        <line num="3" count="9" type="stmt"/>
        <line num="14" count="33" type="stmt"/>
        <line num="15" count="33" type="cond" truecount="2" falsecount="0"/>
        <line num="18" count="29" type="stmt"/>
        <line num="19" count="52" type="cond" truecount="2" falsecount="0"/>
        <line num="22" count="29" type="stmt"/>
        <line num="74" count="9" type="stmt"/>
      </file>
      <file name="tokens.js" path="/home/mtbocim/Rithm_exercises/express-jobly/helpers/tokens.js">
        <metrics statements="6" coveredstatements="6" conditionals="2" coveredconditionals="2" methods="1" coveredmethods="1"/>
        <line num="1" count="6" type="stmt"/>
        <line num="2" count="6" type="stmt"/>
        <line num="7" count="15" type="stmt"/>
        <line num="10" count="15" type="stmt"/>
        <line num="15" count="15" type="stmt"/>
        <line num="18" count="6" type="stmt"/>
      </file>
    </package>
    <package name="express-jobly.middleware">
      <metrics statements="20" coveredstatements="20" conditionals="16" coveredconditionals="16" methods="4" coveredmethods="4"/>
      <file name="auth.js" path="/home/mtbocim/Rithm_exercises/express-jobly/middleware/auth.js">
        <metrics statements="20" coveredstatements="20" conditionals="16" coveredconditionals="16" methods="4" coveredmethods="4"/>
        <line num="5" count="6" type="stmt"/>
        <line num="6" count="6" type="stmt"/>
        <line num="7" count="6" type="stmt"/>
        <line num="19" count="107" type="stmt"/>
        <line num="20" count="107" type="cond" truecount="2" falsecount="0"/>
        <line num="22" count="107" type="cond" truecount="2" falsecount="0"/>
        <line num="23" count="67" type="stmt"/>
        <line num="24" count="67" type="stmt"/>
        <line num="26" count="106" type="stmt"/>
        <line num="28" count="1" type="stmt"/>
        <line num="38" count="76" type="cond" truecount="2" falsecount="0"/>
        <line num="39" count="64" type="stmt"/>
        <line num="48" count="49" type="cond" truecount="2" falsecount="0"/>
        <line num="50" count="48" type="cond" truecount="2" falsecount="0"/>
        <line num="51" count="28" type="stmt"/>
        <line num="60" count="22" type="cond" truecount="2" falsecount="0"/>
        <line num="62" count="21" type="cond" truecount="4" falsecount="0"/>
        <line num="63" count="16" type="stmt"/>
        <line num="65" count="5" type="stmt"/>
        <line num="74" count="6" type="stmt"/>
      </file>
    </package>
    <package name="express-jobly.models">
      <metrics statements="174" coveredstatements="174" conditionals="60" coveredconditionals="60" methods="28" coveredmethods="28"/>
      <file name="_testCommon.js" path="/home/mtbocim/Rithm_exercises/express-jobly/models/_testCommon.js">
        <metrics statements="13" coveredstatements="13" conditionals="0" coveredconditionals="0" methods="4" coveredmethods="4"/>
        <line num="1" count="3" type="stmt"/>
        <line num="3" count="3" type="stmt"/>
        <line num="4" count="3" type="stmt"/>
        <line num="8" count="3" type="stmt"/>
        <line num="10" count="3" type="stmt"/>
        <line num="11" count="3" type="stmt"/>
        <line num="15" count="3" type="stmt"/>
        <line num="21" count="3" type="stmt"/>
        <line num="37" count="3" type="stmt"/>
        <line num="47" count="73" type="stmt"/>
        <line num="51" count="73" type="stmt"/>
        <line num="55" count="3" type="stmt"/>
        <line num="59" count="3" type="stmt"/>
      </file>
      <file name="company.js" path="/home/mtbocim/Rithm_exercises/express-jobly/models/company.js">
        <metrics statements="56" coveredstatements="56" conditionals="20" coveredconditionals="20" methods="8" coveredmethods="8"/>
        <line num="3" count="7" type="stmt"/>
        <line num="4" count="7" type="stmt"/>
        <line num="5" count="7" type="stmt"/>
        <line num="6" count="7" type="stmt"/>
        <line num="7" count="7" type="stmt"/>
        <line num="22" count="16" type="stmt"/>
        <line num="28" count="16" type="cond" truecount="2" falsecount="0"/>
        <line num="29" count="1" type="stmt"/>
        <line num="32" count="15" type="stmt"/>
        <line num="50" count="15" type="stmt"/>
        <line num="52" count="15" type="stmt"/>
        <line num="61" count="3" type="stmt"/>
        <line num="69" count="2" type="stmt"/>
        <line num="85" count="10" type="stmt"/>
        <line num="87" count="10" type="cond" truecount="2" falsecount="0"/>
        <line num="88" count="1" type="stmt"/>
        <line num="91" count="9" type="stmt"/>
        <line num="94" count="8" type="stmt"/>
        <line num="105" count="8" type="stmt"/>
        <line num="107" count="8" type="stmt"/>
        <line num="119" count="5" type="stmt"/>
        <line num="129" count="5" type="stmt"/>
        <line num="130" count="5" type="cond" truecount="2" falsecount="0"/>
        <line num="132" count="3" type="stmt"/>
        <line num="141" count="3" type="stmt"/>
        <line num="142" count="3" type="stmt"/>
        <line num="144" count="3" type="stmt"/>
        <line num="162" count="8" type="stmt"/>
        <line num="168" count="7" type="stmt"/>
        <line num="170" count="7" type="stmt"/>
        <line num="175" count="7" type="stmt"/>
        <line num="176" count="7" type="stmt"/>
        <line num="178" count="7" type="cond" truecount="2" falsecount="0"/>
        <line num="180" count="5" type="stmt"/>
        <line num="189" count="4" type="stmt"/>
        <line num="195" count="4" type="stmt"/>
        <line num="197" count="4" type="cond" truecount="2" falsecount="0"/>
        <line num="214" count="15" type="stmt"/>
        <line num="215" count="15" type="cond" truecount="2" falsecount="0"/>
        <line num="217" count="14" type="stmt"/>
        <line num="222" count="14" type="cond" truecount="2" falsecount="0"/>
        <line num="223" count="3" type="stmt"/>
        <line num="224" count="3" type="stmt"/>
        <line num="227" count="11" type="stmt"/>
        <line num="228" count="11" type="stmt"/>
        <line num="230" count="11" type="cond" truecount="2" falsecount="0"/>
        <line num="231" count="7" type="stmt"/>
        <line num="232" count="7" type="stmt"/>
        <line num="235" count="11" type="cond" truecount="2" falsecount="0"/>
        <line num="236" count="6" type="stmt"/>
        <line num="237" count="6" type="stmt"/>
        <line num="240" count="11" type="cond" truecount="2" falsecount="0"/>
        <line num="241" count="2" type="stmt"/>
        <line num="242" count="2" type="stmt"/>
        <line num="245" count="11" type="stmt"/>
        <line num="250" count="7" type="stmt"/>
      </file>
      <file name="job.js" path="/home/mtbocim/Rithm_exercises/express-jobly/models/job.js">
        <metrics statements="65" coveredstatements="65" conditionals="26" coveredconditionals="26" methods="10" coveredmethods="10"/>
        <line num="3" count="6" type="stmt"/>
        <line num="4" count="6" type="stmt"/>
        <line num="5" count="6" type="stmt"/>
        <line num="6" count="6" type="stmt"/>
        <line num="7" count="6" type="stmt"/>
        <line num="8" count="6" type="stmt"/>
        <line num="9" count="6" type="stmt"/>
        <line num="27" count="16" type="stmt"/>
        <line num="32" count="16" type="cond" truecount="2" falsecount="0"/>
        <line num="33" count="2" type="stmt"/>
        <line num="34" count="2" type="stmt"/>
        <line num="37" count="14" type="stmt"/>
        <line num="43" count="14" type="stmt"/>
        <line num="44" count="14" type="cond" truecount="2" falsecount="0"/>
        <line num="45" count="1" type="stmt"/>
        <line num="49" count="13" type="stmt"/>
        <line num="65" count="13" type="stmt"/>
        <line num="66" count="13" type="stmt"/>
        <line num="76" count="3" type="stmt"/>
        <line num="84" count="2" type="stmt"/>
        <line num="102" count="10" type="stmt"/>
        <line num="105" count="9" type="stmt"/>
        <line num="114" count="9" type="stmt"/>
        <line num="116" count="9" type="stmt"/>
        <line num="129" count="5" type="cond" truecount="2" falsecount="0"/>
        <line num="130" count="1" type="stmt"/>
        <line num="133" count="4" type="stmt"/>
        <line num="143" count="4" type="stmt"/>
        <line num="144" count="4" type="stmt"/>
        <line num="146" count="4" type="cond" truecount="2" falsecount="0"/>
        <line num="148" count="2" type="stmt"/>
        <line num="167" count="11" type="cond" truecount="2" falsecount="0"/>
        <line num="168" count="1" type="stmt"/>
        <line num="171" count="10" type="stmt"/>
        <line num="176" count="10" type="cond" truecount="2" falsecount="0"/>
        <line num="177" count="1" type="stmt"/>
        <line num="178" count="1" type="stmt"/>
        <line num="181" count="9" type="stmt"/>
        <line num="184" count="8" type="stmt"/>
        <line num="186" count="8" type="stmt"/>
        <line num="191" count="8" type="stmt"/>
        <line num="192" count="8" type="stmt"/>
        <line num="194" count="8" type="cond" truecount="2" falsecount="0"/>
        <line num="196" count="6" type="stmt"/>
        <line num="208" count="4" type="stmt"/>
        <line num="214" count="4" type="stmt"/>
        <line num="216" count="4" type="cond" truecount="2" falsecount="0"/>
        <line num="235" count="17" type="stmt"/>
        <line num="236" count="17" type="cond" truecount="2" falsecount="0"/>
        <line num="238" count="16" type="stmt"/>
        <line num="243" count="16" type="cond" truecount="2" falsecount="0"/>
        <line num="244" count="3" type="stmt"/>
        <line num="245" count="3" type="stmt"/>
        <line num="248" count="13" type="stmt"/>
        <line num="249" count="13" type="stmt"/>
        <line num="251" count="13" type="cond" truecount="2" falsecount="0"/>
        <line num="252" count="9" type="stmt"/>
        <line num="253" count="9" type="stmt"/>
        <line num="255" count="13" type="cond" truecount="2" falsecount="0"/>
        <line num="256" count="7" type="stmt"/>
        <line num="257" count="7" type="stmt"/>
        <line num="259" count="13" type="cond" truecount="2" falsecount="0"/>
        <line num="260" count="5" type="stmt"/>
        <line num="263" count="13" type="stmt"/>
        <line num="268" count="6" type="stmt"/>
      </file>
      <file name="user.js" path="/home/mtbocim/Rithm_exercises/express-jobly/models/user.js">
        <metrics statements="40" coveredstatements="40" conditionals="14" coveredconditionals="14" methods="6" coveredmethods="6"/>
        <line num="3" count="6" type="stmt"/>
        <line num="4" count="6" type="stmt"/>
        <line num="5" count="6" type="stmt"/>
        <line num="10" count="6" type="stmt"/>
        <line num="12" count="6" type="stmt"/>
        <line num="26" count="8" type="stmt"/>
        <line num="38" count="8" type="stmt"/>
        <line num="40" count="8" type="cond" truecount="2" falsecount="0"/>
        <line num="42" count="5" type="stmt"/>
        <line num="43" count="5" type="cond" truecount="2" falsecount="0"/>
        <line num="44" count="4" type="stmt"/>
        <line num="45" count="4" type="stmt"/>
        <line num="49" count="4" type="stmt"/>
        <line num="61" count="24" type="stmt"/>
        <line num="68" count="24" type="cond" truecount="2" falsecount="0"/>
        <line num="69" count="2" type="stmt"/>
        <line num="72" count="22" type="stmt"/>
        <line num="74" count="22" type="stmt"/>
        <line num="94" count="22" type="stmt"/>
        <line num="96" count="22" type="stmt"/>
        <line num="105" count="3" type="stmt"/>
        <line num="115" count="2" type="stmt"/>
        <line num="127" count="5" type="stmt"/>
        <line num="138" count="5" type="stmt"/>
        <line num="140" count="5" type="cond" truecount="2" falsecount="0"/>
        <line num="142" count="3" type="stmt"/>
        <line num="163" count="9" type="cond" truecount="2" falsecount="0"/>
        <line num="164" count="3" type="stmt"/>
        <line num="167" count="9" type="stmt"/>
        <line num="174" count="8" type="stmt"/>
        <line num="176" count="8" type="stmt"/>
        <line num="184" count="8" type="stmt"/>
        <line num="185" count="8" type="stmt"/>
        <line num="187" count="8" type="cond" truecount="2" falsecount="0"/>
        <line num="189" count="6" type="stmt"/>
        <line num="190" count="6" type="stmt"/>
        <line num="196" count="5" type="stmt"/>
        <line num="203" count="5" type="stmt"/>
        <line num="205" count="5" type="cond" truecount="2" falsecount="0"/>
        <line num="210" count="6" type="stmt"/>
      </file>
    </package>
    <package name="express-jobly.routes">
      <metrics statements="188" coveredstatements="188" conditionals="38" coveredconditionals="38" methods="31" coveredmethods="31"/>
      <file name="_testCommon.js" path="/home/mtbocim/Rithm_exercises/express-jobly/routes/_testCommon.js">
        <metrics statements="23" coveredstatements="23" conditionals="0" coveredconditionals="0" methods="4" coveredmethods="4"/>
        <line num="3" count="4" type="stmt"/>
        <line num="4" count="4" type="stmt"/>
        <line num="5" count="4" type="stmt"/>
        <line num="6" count="4" type="stmt"/>
        <line num="7" count="4" type="stmt"/>
        <line num="11" count="4" type="stmt"/>
        <line num="13" count="4" type="stmt"/>
        <line num="14" count="4" type="stmt"/>
        <line num="17" count="4" type="stmt"/>
        <line num="25" count="4" type="stmt"/>
        <line num="33" count="4" type="stmt"/>
        <line num="42" count="4" type="stmt"/>
        <line num="50" count="4" type="stmt"/>
        <line num="58" count="4" type="stmt"/>
        <line num="66" count="4" type="stmt"/>
        <line num="74" count="4" type="stmt"/>
        <line num="80" count="4" type="stmt"/>
        <line num="89" count="102" type="stmt"/>
        <line num="93" count="102" type="stmt"/>
        <line num="97" count="4" type="stmt"/>
        <line num="101" count="4" type="stmt"/>
        <line num="102" count="4" type="stmt"/>
        <line num="105" count="4" type="stmt"/>
      </file>
      <file name="auth.js" path="/home/mtbocim/Rithm_exercises/express-jobly/routes/auth.js">
        <metrics statements="26" coveredstatements="26" conditionals="4" coveredconditionals="4" methods="4" coveredmethods="4"/>
        <line num="5" count="5" type="stmt"/>
        <line num="7" count="5" type="stmt"/>
        <line num="8" count="5" type="stmt"/>
        <line num="9" count="5" type="stmt"/>
        <line num="10" count="5" type="stmt"/>
        <line num="11" count="5" type="stmt"/>
        <line num="12" count="5" type="stmt"/>
        <line num="13" count="5" type="stmt"/>
        <line num="22" count="5" type="stmt"/>
        <line num="23" count="5" type="stmt"/>
        <line num="28" count="5" type="cond" truecount="2" falsecount="0"/>
        <line num="29" count="2" type="stmt"/>
        <line num="30" count="2" type="stmt"/>
        <line num="33" count="3" type="stmt"/>
        <line num="34" count="3" type="stmt"/>
        <line num="35" count="1" type="stmt"/>
        <line num="36" count="1" type="stmt"/>
        <line num="49" count="5" type="stmt"/>
        <line num="50" count="4" type="stmt"/>
        <line num="55" count="4" type="cond" truecount="2" falsecount="0"/>
        <line num="56" count="5" type="stmt"/>
        <line num="57" count="2" type="stmt"/>
        <line num="60" count="2" type="stmt"/>
        <line num="61" count="1" type="stmt"/>
        <line num="62" count="1" type="stmt"/>
        <line num="66" count="5" type="stmt"/>
      </file>
      <file name="companies.js" path="/home/mtbocim/Rithm_exercises/express-jobly/routes/companies.js">
        <metrics statements="47" coveredstatements="47" conditionals="12" coveredconditionals="12" methods="8" coveredmethods="8"/>
        <line num="5" count="5" type="stmt"/>
        <line num="6" count="5" type="stmt"/>
        <line num="8" count="5" type="stmt"/>
        <line num="9" count="5" type="stmt"/>
        <line num="10" count="5" type="stmt"/>
        <line num="12" count="5" type="stmt"/>
        <line num="13" count="5" type="stmt"/>
        <line num="14" count="5" type="stmt"/>
        <line num="15" count="5" type="stmt"/>
        <line num="17" count="5" type="stmt"/>
        <line num="29" count="5" type="stmt"/>
        <line num="30" count="3" type="stmt"/>
        <line num="35" count="3" type="cond" truecount="2" falsecount="0"/>
        <line num="36" count="3" type="stmt"/>
        <line num="37" count="2" type="stmt"/>
        <line num="40" count="1" type="stmt"/>
        <line num="41" count="1" type="stmt"/>
        <line num="55" count="5" type="stmt"/>
        <line num="56" count="7" type="stmt"/>
        <line num="58" count="7" type="cond" truecount="2" falsecount="0"/>
        <line num="59" count="2" type="stmt"/>
        <line num="61" count="7" type="cond" truecount="2" falsecount="0"/>
        <line num="62" count="1" type="stmt"/>
        <line num="65" count="7" type="stmt"/>
        <line num="66" count="7" type="cond" truecount="2" falsecount="0"/>
        <line num="67" count="5" type="stmt"/>
        <line num="72" count="5" type="cond" truecount="2" falsecount="0"/>
        <line num="73" count="1" type="stmt"/>
        <line num="74" count="1" type="stmt"/>
        <line num="77" count="4" type="stmt"/>
        <line num="78" count="4" type="stmt"/>
        <line num="80" count="2" type="stmt"/>
        <line num="81" count="1" type="stmt"/>
        <line num="93" count="5" type="stmt"/>
        <line num="94" count="3" type="stmt"/>
        <line num="95" count="2" type="stmt"/>
        <line num="109" count="5" type="stmt"/>
        <line num="115" count="6" type="stmt"/>
        <line num="120" count="6" type="cond" truecount="2" falsecount="0"/>
        <line num="121" count="2" type="stmt"/>
        <line num="122" count="2" type="stmt"/>
        <line num="125" count="4" type="stmt"/>
        <line num="126" count="3" type="stmt"/>
        <line num="134" count="5" type="stmt"/>
        <line num="139" count="2" type="stmt"/>
        <line num="140" count="1" type="stmt"/>
        <line num="144" count="5" type="stmt"/>
      </file>
      <file name="jobs.js" path="/home/mtbocim/Rithm_exercises/express-jobly/routes/jobs.js">
        <metrics statements="58" coveredstatements="58" conditionals="18" coveredconditionals="18" methods="8" coveredmethods="8"/>
        <line num="5" count="5" type="stmt"/>
        <line num="6" count="5" type="stmt"/>
        <line num="8" count="5" type="stmt"/>
        <line num="9" count="5" type="stmt"/>
        <line num="11" count="5" type="stmt"/>
        <line num="13" count="5" type="stmt"/>
        <line num="14" count="5" type="stmt"/>
        <line num="15" count="5" type="stmt"/>
        <line num="17" count="5" type="stmt"/>
        <line num="28" count="5" type="stmt"/>
        <line num="29" count="3" type="stmt"/>
        <line num="34" count="3" type="cond" truecount="2" falsecount="0"/>
        <line num="35" count="2" type="stmt"/>
        <line num="36" count="2" type="stmt"/>
        <line num="38" count="1" type="stmt"/>
        <line num="39" count="1" type="stmt"/>
        <line num="54" count="5" type="stmt"/>
        <line num="55" count="6" type="stmt"/>
        <line num="57" count="6" type="cond" truecount="2" falsecount="0"/>
        <line num="58" count="1" type="stmt"/>
        <line num="60" count="6" type="cond" truecount="2" falsecount="0"/>
        <line num="61" count="1" type="stmt"/>
        <line num="64" count="6" type="stmt"/>
        <line num="65" count="6" type="cond" truecount="2" falsecount="0"/>
        <line num="66" count="4" type="stmt"/>
        <line num="71" count="4" type="cond" truecount="2" falsecount="0"/>
        <line num="72" count="1" type="stmt"/>
        <line num="73" count="1" type="stmt"/>
        <line num="76" count="3" type="stmt"/>
        <line num="77" count="3" type="stmt"/>
        <line num="79" count="2" type="stmt"/>
        <line num="80" count="1" type="stmt"/>
        <line num="91" count="5" type="stmt"/>
        <line num="93" count="3" type="stmt"/>
        <line num="94" count="3" type="stmt"/>
        <line num="96" count="3" type="cond" truecount="2" falsecount="0"/>
        <line num="97" count="1" type="stmt"/>
        <line num="100" count="2" type="stmt"/>
        <line num="101" count="1" type="stmt"/>
        <line num="115" count="5" type="stmt"/>
        <line num="120" count="4" type="stmt"/>
        <line num="122" count="4" type="stmt"/>
        <line num="124" count="4" type="cond" truecount="2" falsecount="0"/>
        <line num="125" count="1" type="stmt"/>
        <line num="127" count="3" type="stmt"/>
        <line num="132" count="3" type="cond" truecount="2" falsecount="0"/>
        <line num="133" count="1" type="stmt"/>
        <line num="134" count="1" type="stmt"/>
        <line num="137" count="2" type="stmt"/>
        <line num="138" count="1" type="stmt"/>
        <line num="147" count="5" type="stmt"/>
        <line num="153" count="3" type="stmt"/>
        <line num="155" count="3" type="stmt"/>
        <line num="157" count="3" type="cond" truecount="2" falsecount="0"/>
        <line num="158" count="1" type="stmt"/>
        <line num="160" count="2" type="stmt"/>
        <line num="161" count="1" type="stmt"/>
        <line num="165" count="5" type="stmt"/>
      </file>
      <file name="users.js" path="/home/mtbocim/Rithm_exercises/express-jobly/routes/users.js">
        <metrics statements="34" coveredstatements="34" conditionals="4" coveredconditionals="4" methods="7" coveredmethods="7"/>
        <line num="5" count="5" type="stmt"/>
        <line num="7" count="5" type="stmt"/>
        <line num="8" count="5" type="stmt"/>
        <line num="9" count="5" type="stmt"/>
        <line num="10" count="5" type="stmt"/>
        <line num="11" count="5" type="stmt"/>
        <line num="12" count="5" type="stmt"/>
        <line num="13" count="5" type="stmt"/>
        <line num="15" count="5" type="stmt"/>
        <line num="30" count="5" type="stmt"/>
        <line num="31" count="4" type="stmt"/>
        <line num="36" count="4" type="cond" truecount="2" falsecount="0"/>
        <line num="37" count="5" type="stmt"/>
        <line num="38" count="2" type="stmt"/>
        <line num="41" count="2" type="stmt"/>
        <line num="42" count="2" type="stmt"/>
        <line num="43" count="2" type="stmt"/>
        <line num="54" count="5" type="stmt"/>
        <line num="55" count="2" type="stmt"/>
        <line num="56" count="1" type="stmt"/>
        <line num="67" count="5" type="stmt"/>
        <line num="68" count="3" type="stmt"/>
        <line num="69" count="2" type="stmt"/>
        <line num="83" count="5" type="stmt"/>
        <line num="84" count="7" type="stmt"/>
        <line num="89" count="7" type="cond" truecount="2" falsecount="0"/>
        <line num="90" count="2" type="stmt"/>
        <line num="91" count="2" type="stmt"/>
        <line num="94" count="5" type="stmt"/>
        <line num="95" count="4" type="stmt"/>
        <line num="104" count="5" type="stmt"/>
        <line num="105" count="3" type="stmt"/>
        <line num="106" count="2" type="stmt"/>
        <line num="110" count="5" type="stmt"/>
      </file>
    </package>
  </project>
</coverage>
