{"/home/mtbocim/Rithm_exercises/express-jobly/app.js": {"path":"/home/mtbocim/Rithm_exercises/express-jobly/app.js","statementMap":{"0":{"start":{"line":5,"column":16},"end":{"line":5,"column":34}},"1":{"start":{"line":6,"column":13},"end":{"line":6,"column":28}},"2":{"start":{"line":8,"column":26},"end":{"line":8,"column":51}},"3":{"start":{"line":10,"column":28},"end":{"line":10,"column":56}},"4":{"start":{"line":11,"column":19},"end":{"line":11,"column":43}},"5":{"start":{"line":12,"column":24},"end":{"line":12,"column":53}},"6":{"start":{"line":13,"column":20},"end":{"line":13,"column":45}},"7":{"start":{"line":15,"column":15},"end":{"line":15,"column":32}},"8":{"start":{"line":17,"column":12},"end":{"line":17,"column":21}},"9":{"start":{"line":19,"column":0},"end":{"line":19,"column":16}},"10":{"start":{"line":20,"column":0},"end":{"line":20,"column":24}},"11":{"start":{"line":21,"column":0},"end":{"line":21,"column":24}},"12":{"start":{"line":22,"column":0},"end":{"line":22,"column":25}},"13":{"start":{"line":24,"column":0},"end":{"line":24,"column":29}},"14":{"start":{"line":25,"column":0},"end":{"line":25,"column":39}},"15":{"start":{"line":26,"column":0},"end":{"line":26,"column":31}},"16":{"start":{"line":30,"column":0},"end":{"line":32,"column":3}},"17":{"start":{"line":31,"column":2},"end":{"line":31,"column":28}},"18":{"start":{"line":35,"column":0},"end":{"line":43,"column":3}},"19":{"start":{"line":36,"column":2},"end":{"line":36,"column":64}},"20":{"start":{"line":36,"column":39},"end":{"line":36,"column":64}},"21":{"start":{"line":37,"column":17},"end":{"line":37,"column":34}},"22":{"start":{"line":38,"column":18},"end":{"line":38,"column":29}},"23":{"start":{"line":40,"column":2},"end":{"line":42,"column":5}},"24":{"start":{"line":45,"column":0},"end":{"line":45,"column":21}}},"fnMap":{"0":{"name":"(anonymous_0)","decl":{"start":{"line":30,"column":8},"end":{"line":30,"column":9}},"loc":{"start":{"line":30,"column":34},"end":{"line":32,"column":1}},"line":30},"1":{"name":"(anonymous_1)","decl":{"start":{"line":35,"column":8},"end":{"line":35,"column":9}},"loc":{"start":{"line":35,"column":39},"end":{"line":43,"column":1}},"line":35}},"branchMap":{"0":{"loc":{"start":{"line":36,"column":2},"end":{"line":36,"column":64}},"type":"if","locations":[{"start":{"line":36,"column":2},"end":{"line":36,"column":64}},{"start":{},"end":{}}],"line":36},"1":{"loc":{"start":{"line":37,"column":17},"end":{"line":37,"column":34}},"type":"binary-expr","locations":[{"start":{"line":37,"column":17},"end":{"line":37,"column":27}},{"start":{"line":37,"column":31},"end":{"line":37,"column":34}}],"line":37}},"s":{"0":4,"1":4,"2":4,"3":4,"4":4,"5":4,"6":4,"7":4,"8":4,"9":4,"10":4,"11":4,"12":4,"13":4,"14":4,"15":4,"16":4,"17":2,"18":4,"19":51,"20":1,"21":51,"22":51,"23":51,"24":4},"f":{"0":2,"1":51},"b":{"0":[1,50],"1":[51,2]},"_coverageSchema":"1a1c01bbd47fc00a2c39e90264f33305004495a9","hash":"579d08a48a99932828958a5cf81ab7f8c616b9c9"}
,"/home/mtbocim/Rithm_exercises/express-jobly/config.js": {"path":"/home/mtbocim/Rithm_exercises/express-jobly/config.js","statementMap":{"0":{"start":{"line":5,"column":0},"end":{"line":5,"column":27}},"1":{"start":{"line":6,"column":0},"end":{"line":6,"column":18}},"2":{"start":{"line":8,"column":19},"end":{"line":8,"column":57}},"3":{"start":{"line":10,"column":13},"end":{"line":10,"column":38}},"4":{"start":{"line":20,"column":2},"end":{"line":23,"column":29}},"5":{"start":{"line":29,"column":27},"end":{"line":29,"column":67}},"6":{"start":{"line":31,"column":0},"end":{"line":31,"column":35}},"7":{"start":{"line":32,"column":0},"end":{"line":32,"column":46}},"8":{"start":{"line":33,"column":0},"end":{"line":33,"column":45}},"9":{"start":{"line":34,"column":0},"end":{"line":34,"column":61}},"10":{"start":{"line":35,"column":0},"end":{"line":35,"column":50}},"11":{"start":{"line":36,"column":0},"end":{"line":36,"column":19}},"12":{"start":{"line":38,"column":0},"end":{"line":43,"column":2}}},"fnMap":{"0":{"name":"getDatabaseUri","decl":{"start":{"line":19,"column":9},"end":{"line":19,"column":23}},"loc":{"start":{"line":19,"column":26},"end":{"line":24,"column":1}},"line":19}},"branchMap":{"0":{"loc":{"start":{"line":8,"column":19},"end":{"line":8,"column":57}},"type":"binary-expr","locations":[{"start":{"line":8,"column":19},"end":{"line":8,"column":41}},{"start":{"line":8,"column":45},"end":{"line":8,"column":57}}],"line":8},"1":{"loc":{"start":{"line":10,"column":13},"end":{"line":10,"column":38}},"type":"binary-expr","locations":[{"start":{"line":10,"column":13},"end":{"line":10,"column":30}},{"start":{"line":10,"column":34},"end":{"line":10,"column":38}}],"line":10},"2":{"loc":{"start":{"line":20,"column":9},"end":{"line":23,"column":28}},"type":"cond-expr","locations":[{"start":{"line":21,"column":8},"end":{"line":21,"column":27}},{"start":{"line":22,"column":8},"end":{"line":23,"column":28}}],"line":20},"3":{"loc":{"start":{"line":22,"column":8},"end":{"line":23,"column":28}},"type":"binary-expr","locations":[{"start":{"line":22,"column":8},"end":{"line":22,"column":32}},{"start":{"line":23,"column":9},"end":{"line":23,"column":28}}],"line":22},"4":{"loc":{"start":{"line":29,"column":27},"end":{"line":29,"column":67}},"type":"cond-expr","locations":[{"start":{"line":29,"column":61},"end":{"line":29,"column":62}},{"start":{"line":29,"column":65},"end":{"line":29,"column":67}}],"line":29}},"s":{"0":10,"1":10,"2":10,"3":10,"4":19,"5":10,"6":10,"7":10,"8":10,"9":10,"10":10,"11":10,"12":10},"f":{"0":19},"b":{"0":[10,9],"1":[10,9],"2":[16,3],"3":[3,1],"4":[9,1]},"_coverageSchema":"1a1c01bbd47fc00a2c39e90264f33305004495a9","hash":"e8d31e6c9e792bfc0b9093e4f35d385eeb1f33b2"}
,"/home/mtbocim/Rithm_exercises/express-jobly/db.js": {"path":"/home/mtbocim/Rithm_exercises/express-jobly/db.js","statementMap":{"0":{"start":{"line":5,"column":19},"end":{"line":5,"column":32}},"1":{"start":{"line":6,"column":27},"end":{"line":6,"column":46}},"2":{"start":{"line":8,"column":11},"end":{"line":10,"column":2}},"3":{"start":{"line":12,"column":0},"end":{"line":12,"column":13}},"4":{"start":{"line":14,"column":0},"end":{"line":14,"column":20}}},"fnMap":{},"branchMap":{},"s":{"0":7,"1":7,"2":7,"3":7,"4":7},"f":{},"b":{},"_coverageSchema":"1a1c01bbd47fc00a2c39e90264f33305004495a9","hash":"e3cca620a6eb31cadb1f6453c30db34945af4668"}
,"/home/mtbocim/Rithm_exercises/express-jobly/expressError.js": {"path":"/home/mtbocim/Rithm_exercises/express-jobly/expressError.js","statementMap":{"0":{"start":{"line":9,"column":4},"end":{"line":9,"column":12}},"1":{"start":{"line":10,"column":4},"end":{"line":10,"column":27}},"2":{"start":{"line":11,"column":4},"end":{"line":11,"column":25}},"3":{"start":{"line":19,"column":4},"end":{"line":19,"column":24}},"4":{"start":{"line":27,"column":4},"end":{"line":27,"column":24}},"5":{"start":{"line":35,"column":4},"end":{"line":35,"column":24}},"6":{"start":{"line":43,"column":4},"end":{"line":43,"column":24}},"7":{"start":{"line":47,"column":0},"end":{"line":53,"column":2}}},"fnMap":{"0":{"name":"(anonymous_0)","decl":{"start":{"line":8,"column":2},"end":{"line":8,"column":3}},"loc":{"start":{"line":8,"column":31},"end":{"line":12,"column":3}},"line":8},"1":{"name":"(anonymous_1)","decl":{"start":{"line":18,"column":2},"end":{"line":18,"column":3}},"loc":{"start":{"line":18,"column":37},"end":{"line":20,"column":3}},"line":18},"2":{"name":"(anonymous_2)","decl":{"start":{"line":26,"column":2},"end":{"line":26,"column":3}},"loc":{"start":{"line":26,"column":40},"end":{"line":28,"column":3}},"line":26},"3":{"name":"(anonymous_3)","decl":{"start":{"line":34,"column":2},"end":{"line":34,"column":3}},"loc":{"start":{"line":34,"column":39},"end":{"line":36,"column":3}},"line":34},"4":{"name":"(anonymous_4)","decl":{"start":{"line":42,"column":2},"end":{"line":42,"column":3}},"loc":{"start":{"line":42,"column":39},"end":{"line":44,"column":3}},"line":42}},"branchMap":{"0":{"loc":{"start":{"line":18,"column":14},"end":{"line":18,"column":35}},"type":"default-arg","locations":[{"start":{"line":18,"column":24},"end":{"line":18,"column":35}}],"line":18},"1":{"loc":{"start":{"line":26,"column":14},"end":{"line":26,"column":38}},"type":"default-arg","locations":[{"start":{"line":26,"column":24},"end":{"line":26,"column":38}}],"line":26},"2":{"loc":{"start":{"line":34,"column":14},"end":{"line":34,"column":37}},"type":"default-arg","locations":[{"start":{"line":34,"column":24},"end":{"line":34,"column":37}}],"line":34},"3":{"loc":{"start":{"line":42,"column":14},"end":{"line":42,"column":37}},"type":"default-arg","locations":[{"start":{"line":42,"column":24},"end":{"line":42,"column":37}}],"line":42}},"s":{"0":78,"1":78,"2":78,"3":14,"4":34,"5":30,"6":0,"7":9},"f":{"0":78,"1":14,"2":34,"3":30,"4":0},"b":{"0":[2],"1":[30],"2":[0],"3":[0]},"_coverageSchema":"1a1c01bbd47fc00a2c39e90264f33305004495a9","hash":"b9e11f184eae69cf20eaea943738ec0c71ca361b"}
,"/home/mtbocim/Rithm_exercises/express-jobly/helpers/sql.js": {"path":"/home/mtbocim/Rithm_exercises/express-jobly/helpers/sql.js","statementMap":{"0":{"start":{"line":1,"column":28},"end":{"line":1,"column":54}},"1":{"start":{"line":2,"column":19},"end":{"line":2,"column":40}},"2":{"start":{"line":3,"column":28},"end":{"line":3,"column":74}},"3":{"start":{"line":14,"column":19},"end":{"line":14,"column":44}},"4":{"start":{"line":15,"column":2},"end":{"line":15,"column":66}},"5":{"start":{"line":15,"column":29},"end":{"line":15,"column":66}},"6":{"start":{"line":18,"column":15},"end":{"line":20,"column":3}},"7":{"start":{"line":19,"column":4},"end":{"line":19,"column":50}},"8":{"start":{"line":22,"column":2},"end":{"line":25,"column":4}},"9":{"start":{"line":74,"column":0},"end":{"line":74,"column":41}}},"fnMap":{"0":{"name":"sqlForPartialUpdate","decl":{"start":{"line":13,"column":9},"end":{"line":13,"column":28}},"loc":{"start":{"line":13,"column":52},"end":{"line":26,"column":1}},"line":13},"1":{"name":"(anonymous_1)","decl":{"start":{"line":18,"column":28},"end":{"line":18,"column":29}},"loc":{"start":{"line":19,"column":4},"end":{"line":19,"column":50}},"line":19}},"branchMap":{"0":{"loc":{"start":{"line":15,"column":2},"end":{"line":15,"column":66}},"type":"if","locations":[{"start":{"line":15,"column":2},"end":{"line":15,"column":66}},{"start":{},"end":{}}],"line":15},"1":{"loc":{"start":{"line":19,"column":8},"end":{"line":19,"column":35}},"type":"binary-expr","locations":[{"start":{"line":19,"column":8},"end":{"line":19,"column":24}},{"start":{"line":19,"column":28},"end":{"line":19,"column":35}}],"line":19}},"s":{"0":8,"1":8,"2":8,"3":22,"4":22,"5":3,"6":19,"7":32,"8":19,"9":8},"f":{"0":22,"1":32},"b":{"0":[3,19],"1":[32,15]},"_coverageSchema":"1a1c01bbd47fc00a2c39e90264f33305004495a9","hash":"68a39d5828626996b7e8d22fba6954a175c51277"}
,"/home/mtbocim/Rithm_exercises/express-jobly/helpers/tokens.js": {"path":"/home/mtbocim/Rithm_exercises/express-jobly/helpers/tokens.js","statementMap":{"0":{"start":{"line":1,"column":12},"end":{"line":1,"column":35}},"1":{"start":{"line":2,"column":23},"end":{"line":2,"column":43}},"2":{"start":{"line":7,"column":2},"end":{"line":8,"column":58}},"3":{"start":{"line":10,"column":16},"end":{"line":13,"column":3}},"4":{"start":{"line":15,"column":2},"end":{"line":15,"column":39}},"5":{"start":{"line":18,"column":0},"end":{"line":18,"column":33}}},"fnMap":{"0":{"name":"createToken","decl":{"start":{"line":6,"column":9},"end":{"line":6,"column":20}},"loc":{"start":{"line":6,"column":27},"end":{"line":16,"column":1}},"line":6}},"branchMap":{"0":{"loc":{"start":{"line":12,"column":13},"end":{"line":12,"column":34}},"type":"binary-expr","locations":[{"start":{"line":12,"column":13},"end":{"line":12,"column":25}},{"start":{"line":12,"column":29},"end":{"line":12,"column":34}}],"line":12}},"s":{"0":5,"1":5,"2":13,"3":13,"4":13,"5":5},"f":{"0":13},"b":{"0":[13,8]},"_coverageSchema":"1a1c01bbd47fc00a2c39e90264f33305004495a9","hash":"a8294ca13f8c1abac9bef7725c6ea01c53049017"}
,"/home/mtbocim/Rithm_exercises/express-jobly/middleware/auth.js": {"path":"/home/mtbocim/Rithm_exercises/express-jobly/middleware/auth.js","statementMap":{"0":{"start":{"line":5,"column":12},"end":{"line":5,"column":35}},"1":{"start":{"line":6,"column":23},"end":{"line":6,"column":43}},"2":{"start":{"line":7,"column":30},"end":{"line":7,"column":56}},"3":{"start":{"line":19,"column":2},"end":{"line":29,"column":3}},"4":{"start":{"line":20,"column":23},"end":{"line":20,"column":63}},"5":{"start":{"line":22,"column":4},"end":{"line":25,"column":5}},"6":{"start":{"line":23,"column":20},"end":{"line":23,"column":64}},"7":{"start":{"line":24,"column":6},"end":{"line":24,"column":54}},"8":{"start":{"line":26,"column":4},"end":{"line":26,"column":18}},"9":{"start":{"line":28,"column":4},"end":{"line":28,"column":18}},"10":{"start":{"line":38,"column":2},"end":{"line":38,"column":54}},"11":{"start":{"line":38,"column":24},"end":{"line":38,"column":54}},"12":{"start":{"line":39,"column":2},"end":{"line":39,"column":16}},"13":{"start":{"line":48,"column":2},"end":{"line":48,"column":55}},"14":{"start":{"line":48,"column":25},"end":{"line":48,"column":55}},"15":{"start":{"line":50,"column":2},"end":{"line":50,"column":70}},"16":{"start":{"line":50,"column":40},"end":{"line":50,"column":70}},"17":{"start":{"line":51,"column":2},"end":{"line":51,"column":16}},"18":{"start":{"line":60,"column":2},"end":{"line":60,"column":55}},"19":{"start":{"line":60,"column":25},"end":{"line":60,"column":55}},"20":{"start":{"line":62,"column":2},"end":{"line":66,"column":3}},"21":{"start":{"line":63,"column":40},"end":{"line":63,"column":54}},"22":{"start":{"line":65,"column":4},"end":{"line":65,"column":34}},"23":{"start":{"line":74,"column":0},"end":{"line":79,"column":2}}},"fnMap":{"0":{"name":"authenticateJWT","decl":{"start":{"line":18,"column":9},"end":{"line":18,"column":24}},"loc":{"start":{"line":18,"column":41},"end":{"line":30,"column":1}},"line":18},"1":{"name":"ensureLoggedIn","decl":{"start":{"line":37,"column":9},"end":{"line":37,"column":23}},"loc":{"start":{"line":37,"column":40},"end":{"line":40,"column":1}},"line":37},"2":{"name":"ensureAdmin","decl":{"start":{"line":47,"column":9},"end":{"line":47,"column":20}},"loc":{"start":{"line":47,"column":37},"end":{"line":53,"column":1}},"line":47},"3":{"name":"ensureOwnerOrAdmin","decl":{"start":{"line":59,"column":9},"end":{"line":59,"column":27}},"loc":{"start":{"line":59,"column":44},"end":{"line":68,"column":1}},"line":59}},"branchMap":{"0":{"loc":{"start":{"line":20,"column":23},"end":{"line":20,"column":63}},"type":"binary-expr","locations":[{"start":{"line":20,"column":23},"end":{"line":20,"column":34}},{"start":{"line":20,"column":38},"end":{"line":20,"column":63}}],"line":20},"1":{"loc":{"start":{"line":22,"column":4},"end":{"line":25,"column":5}},"type":"if","locations":[{"start":{"line":22,"column":4},"end":{"line":25,"column":5}},{"start":{},"end":{}}],"line":22},"2":{"loc":{"start":{"line":38,"column":2},"end":{"line":38,"column":54}},"type":"if","locations":[{"start":{"line":38,"column":2},"end":{"line":38,"column":54}},{"start":{},"end":{}}],"line":38},"3":{"loc":{"start":{"line":48,"column":2},"end":{"line":48,"column":55}},"type":"if","locations":[{"start":{"line":48,"column":2},"end":{"line":48,"column":55}},{"start":{},"end":{}}],"line":48},"4":{"loc":{"start":{"line":50,"column":2},"end":{"line":50,"column":70}},"type":"if","locations":[{"start":{"line":50,"column":2},"end":{"line":50,"column":70}},{"start":{},"end":{}}],"line":50},"5":{"loc":{"start":{"line":60,"column":2},"end":{"line":60,"column":55}},"type":"if","locations":[{"start":{"line":60,"column":2},"end":{"line":60,"column":55}},{"start":{},"end":{}}],"line":60},"6":{"loc":{"start":{"line":62,"column":2},"end":{"line":66,"column":3}},"type":"if","locations":[{"start":{"line":62,"column":2},"end":{"line":66,"column":3}},{"start":{"line":64,"column":7},"end":{"line":66,"column":3}}],"line":62},"7":{"loc":{"start":{"line":62,"column":6},"end":{"line":63,"column":36}},"type":"binary-expr","locations":[{"start":{"line":62,"column":6},"end":{"line":62,"column":55}},{"start":{"line":63,"column":4},"end":{"line":63,"column":36}}],"line":62}},"s":{"0":5,"1":5,"2":5,"3":77,"4":77,"5":77,"6":47,"7":47,"8":76,"9":1,"10":55,"11":10,"12":45,"13":30,"14":1,"15":29,"16":13,"17":16,"18":22,"19":1,"20":21,"21":16,"22":5,"23":5},"f":{"0":77,"1":55,"2":30,"3":22},"b":{"0":[77,76],"1":[47,30],"2":[10,45],"3":[1,29],"4":[13,16],"5":[1,21],"6":[16,5],"7":[21,15]},"_coverageSchema":"1a1c01bbd47fc00a2c39e90264f33305004495a9","hash":"ede5e15a5db2e6b9d16847fa05c0f8e4b7342696"}
,"/home/mtbocim/Rithm_exercises/express-jobly/models/_testCommon.js": {"path":"/home/mtbocim/Rithm_exercises/express-jobly/models/_testCommon.js","statementMap":{"0":{"start":{"line":1,"column":15},"end":{"line":1,"column":32}},"1":{"start":{"line":3,"column":11},"end":{"line":3,"column":30}},"2":{"start":{"line":4,"column":31},"end":{"line":4,"column":51}},"3":{"start":{"line":8,"column":2},"end":{"line":8,"column":42}},"4":{"start":{"line":10,"column":2},"end":{"line":10,"column":38}},"5":{"start":{"line":12,"column":2},"end":{"line":16,"column":55}},"6":{"start":{"line":18,"column":2},"end":{"line":33,"column":7}},"7":{"start":{"line":34,"column":2},"end":{"line":40,"column":43}},"8":{"start":{"line":44,"column":2},"end":{"line":44,"column":26}},"9":{"start":{"line":48,"column":2},"end":{"line":48,"column":29}},"10":{"start":{"line":52,"column":2},"end":{"line":52,"column":17}},"11":{"start":{"line":56,"column":0},"end":{"line":61,"column":2}}},"fnMap":{"0":{"name":"commonBeforeAll","decl":{"start":{"line":6,"column":15},"end":{"line":6,"column":30}},"loc":{"start":{"line":6,"column":33},"end":{"line":41,"column":1}},"line":6},"1":{"name":"commonBeforeEach","decl":{"start":{"line":43,"column":15},"end":{"line":43,"column":31}},"loc":{"start":{"line":43,"column":34},"end":{"line":45,"column":1}},"line":43},"2":{"name":"commonAfterEach","decl":{"start":{"line":47,"column":15},"end":{"line":47,"column":30}},"loc":{"start":{"line":47,"column":33},"end":{"line":49,"column":1}},"line":47},"3":{"name":"commonAfterAll","decl":{"start":{"line":51,"column":15},"end":{"line":51,"column":29}},"loc":{"start":{"line":51,"column":32},"end":{"line":53,"column":1}},"line":51}},"branchMap":{},"s":{"0":3,"1":3,"2":3,"3":3,"4":3,"5":3,"6":3,"7":3,"8":52,"9":52,"10":3,"11":3},"f":{"0":3,"1":52,"2":52,"3":3},"b":{},"_coverageSchema":"1a1c01bbd47fc00a2c39e90264f33305004495a9","hash":"3dd1e714215d2df5474f5d0d32ce54218b9f2fc1"}
,"/home/mtbocim/Rithm_exercises/express-jobly/models/company.js": {"path":"/home/mtbocim/Rithm_exercises/express-jobly/models/company.js","statementMap":{"0":{"start":{"line":3,"column":11},"end":{"line":3,"column":27}},"1":{"start":{"line":4,"column":43},"end":{"line":4,"column":69}},"2":{"start":{"line":5,"column":32},"end":{"line":5,"column":57}},"3":{"start":{"line":6,"column":19},"end":{"line":6,"column":40}},"4":{"start":{"line":7,"column":28},"end":{"line":7,"column":74}},"5":{"start":{"line":22,"column":27},"end":{"line":26,"column":15}},"6":{"start":{"line":28,"column":4},"end":{"line":30,"column":5}},"7":{"start":{"line":29,"column":6},"end":{"line":29,"column":64}},"8":{"start":{"line":32,"column":19},"end":{"line":49,"column":5}},"9":{"start":{"line":50,"column":20},"end":{"line":50,"column":34}},"10":{"start":{"line":52,"column":4},"end":{"line":52,"column":19}},"11":{"start":{"line":61,"column":25},"end":{"line":68,"column":26}},"12":{"start":{"line":69,"column":4},"end":{"line":69,"column":29}},"13":{"start":{"line":85,"column":43},"end":{"line":85,"column":54}},"14":{"start":{"line":87,"column":4},"end":{"line":89,"column":5}},"15":{"start":{"line":88,"column":6},"end":{"line":88,"column":80}},"16":{"start":{"line":91,"column":30},"end":{"line":91,"column":72}},"17":{"start":{"line":96,"column":6},"end":{"line":105,"column":22}},"18":{"start":{"line":107,"column":25},"end":{"line":107,"column":54}},"19":{"start":{"line":109,"column":4},"end":{"line":109,"column":29}},"20":{"start":{"line":121,"column":23},"end":{"line":129,"column":15}},"21":{"start":{"line":131,"column":20},"end":{"line":131,"column":38}},"22":{"start":{"line":133,"column":4},"end":{"line":133,"column":67}},"23":{"start":{"line":133,"column":18},"end":{"line":133,"column":67}},"24":{"start":{"line":135,"column":4},"end":{"line":135,"column":19}},"25":{"start":{"line":151,"column":32},"end":{"line":156,"column":8}},"26":{"start":{"line":157,"column":25},"end":{"line":157,"column":50}},"27":{"start":{"line":159,"column":21},"end":{"line":163,"column":100}},"28":{"start":{"line":164,"column":19},"end":{"line":164,"column":64}},"29":{"start":{"line":165,"column":20},"end":{"line":165,"column":34}},"30":{"start":{"line":167,"column":4},"end":{"line":167,"column":67}},"31":{"start":{"line":167,"column":18},"end":{"line":167,"column":67}},"32":{"start":{"line":169,"column":4},"end":{"line":169,"column":19}},"33":{"start":{"line":178,"column":19},"end":{"line":183,"column":15}},"34":{"start":{"line":184,"column":20},"end":{"line":184,"column":34}},"35":{"start":{"line":186,"column":4},"end":{"line":186,"column":67}},"36":{"start":{"line":186,"column":18},"end":{"line":186,"column":67}},"37":{"start":{"line":203,"column":21},"end":{"line":203,"column":46}},"38":{"start":{"line":204,"column":4},"end":{"line":204,"column":79}},"39":{"start":{"line":204,"column":31},"end":{"line":204,"column":79}},"40":{"start":{"line":206,"column":22},"end":{"line":210,"column":5}},"41":{"start":{"line":211,"column":4},"end":{"line":214,"column":5}},"42":{"start":{"line":212,"column":19},"end":{"line":212,"column":53}},"43":{"start":{"line":212,"column":45},"end":{"line":212,"column":52}},"44":{"start":{"line":213,"column":6},"end":{"line":213,"column":38}},"45":{"start":{"line":216,"column":19},"end":{"line":216,"column":21}},"46":{"start":{"line":217,"column":18},"end":{"line":217,"column":20}},"47":{"start":{"line":219,"column":4},"end":{"line":222,"column":5}},"48":{"start":{"line":220,"column":6},"end":{"line":220,"column":44}},"49":{"start":{"line":221,"column":6},"end":{"line":221,"column":49}},"50":{"start":{"line":224,"column":4},"end":{"line":227,"column":5}},"51":{"start":{"line":225,"column":6},"end":{"line":225,"column":45}},"52":{"start":{"line":226,"column":6},"end":{"line":226,"column":55}},"53":{"start":{"line":229,"column":4},"end":{"line":232,"column":5}},"54":{"start":{"line":230,"column":6},"end":{"line":230,"column":45}},"55":{"start":{"line":231,"column":6},"end":{"line":231,"column":55}},"56":{"start":{"line":234,"column":4},"end":{"line":234,"column":52}},"57":{"start":{"line":239,"column":0},"end":{"line":239,"column":25}}},"fnMap":{"0":{"name":"(anonymous_0)","decl":{"start":{"line":21,"column":2},"end":{"line":21,"column":3}},"loc":{"start":{"line":21,"column":76},"end":{"line":53,"column":3}},"line":21},"1":{"name":"(anonymous_1)","decl":{"start":{"line":60,"column":2},"end":{"line":60,"column":3}},"loc":{"start":{"line":60,"column":25},"end":{"line":70,"column":3}},"line":60},"2":{"name":"(anonymous_2)","decl":{"start":{"line":84,"column":2},"end":{"line":84,"column":3}},"loc":{"start":{"line":84,"column":41},"end":{"line":110,"column":3}},"line":84},"3":{"name":"(anonymous_3)","decl":{"start":{"line":120,"column":2},"end":{"line":120,"column":3}},"loc":{"start":{"line":120,"column":27},"end":{"line":136,"column":3}},"line":120},"4":{"name":"(anonymous_4)","decl":{"start":{"line":150,"column":2},"end":{"line":150,"column":3}},"loc":{"start":{"line":150,"column":36},"end":{"line":170,"column":3}},"line":150},"5":{"name":"(anonymous_5)","decl":{"start":{"line":177,"column":2},"end":{"line":177,"column":3}},"loc":{"start":{"line":177,"column":30},"end":{"line":187,"column":3}},"line":177},"6":{"name":"(anonymous_6)","decl":{"start":{"line":202,"column":2},"end":{"line":202,"column":3}},"loc":{"start":{"line":202,"column":45},"end":{"line":235,"column":3}},"line":202},"7":{"name":"(anonymous_7)","decl":{"start":{"line":212,"column":40},"end":{"line":212,"column":41}},"loc":{"start":{"line":212,"column":45},"end":{"line":212,"column":52}},"line":212}},"branchMap":{"0":{"loc":{"start":{"line":28,"column":4},"end":{"line":30,"column":5}},"type":"if","locations":[{"start":{"line":28,"column":4},"end":{"line":30,"column":5}},{"start":{},"end":{}}],"line":28},"1":{"loc":{"start":{"line":87,"column":4},"end":{"line":89,"column":5}},"type":"if","locations":[{"start":{"line":87,"column":4},"end":{"line":89,"column":5}},{"start":{},"end":{}}],"line":87},"2":{"loc":{"start":{"line":133,"column":4},"end":{"line":133,"column":67}},"type":"if","locations":[{"start":{"line":133,"column":4},"end":{"line":133,"column":67}},{"start":{},"end":{}}],"line":133},"3":{"loc":{"start":{"line":167,"column":4},"end":{"line":167,"column":67}},"type":"if","locations":[{"start":{"line":167,"column":4},"end":{"line":167,"column":67}},{"start":{},"end":{}}],"line":167},"4":{"loc":{"start":{"line":186,"column":4},"end":{"line":186,"column":67}},"type":"if","locations":[{"start":{"line":186,"column":4},"end":{"line":186,"column":67}},{"start":{},"end":{}}],"line":186},"5":{"loc":{"start":{"line":204,"column":4},"end":{"line":204,"column":79}},"type":"if","locations":[{"start":{"line":204,"column":4},"end":{"line":204,"column":79}},{"start":{},"end":{}}],"line":204},"6":{"loc":{"start":{"line":211,"column":4},"end":{"line":214,"column":5}},"type":"if","locations":[{"start":{"line":211,"column":4},"end":{"line":214,"column":5}},{"start":{},"end":{}}],"line":211},"7":{"loc":{"start":{"line":219,"column":4},"end":{"line":222,"column":5}},"type":"if","locations":[{"start":{"line":219,"column":4},"end":{"line":222,"column":5}},{"start":{},"end":{}}],"line":219},"8":{"loc":{"start":{"line":224,"column":4},"end":{"line":227,"column":5}},"type":"if","locations":[{"start":{"line":224,"column":4},"end":{"line":227,"column":5}},{"start":{},"end":{}}],"line":224},"9":{"loc":{"start":{"line":229,"column":4},"end":{"line":232,"column":5}},"type":"if","locations":[{"start":{"line":229,"column":4},"end":{"line":232,"column":5}},{"start":{},"end":{}}],"line":229}},"s":{"0":6,"1":6,"2":6,"3":6,"4":6,"5":13,"6":13,"7":1,"8":12,"9":12,"10":12,"11":3,"12":2,"13":10,"14":10,"15":1,"16":9,"17":8,"18":8,"19":8,"20":5,"21":5,"22":5,"23":2,"24":3,"25":6,"26":5,"27":5,"28":5,"29":5,"30":5,"31":2,"32":3,"33":4,"34":4,"35":4,"36":2,"37":15,"38":15,"39":1,"40":14,"41":14,"42":3,"43":3,"44":3,"45":11,"46":11,"47":11,"48":7,"49":7,"50":11,"51":6,"52":6,"53":11,"54":2,"55":2,"56":11,"57":6},"f":{"0":13,"1":3,"2":10,"3":5,"4":6,"5":4,"6":15,"7":3},"b":{"0":[1,12],"1":[1,9],"2":[2,3],"3":[2,3],"4":[2,2],"5":[1,14],"6":[3,11],"7":[7,4],"8":[6,5],"9":[2,9]},"_coverageSchema":"1a1c01bbd47fc00a2c39e90264f33305004495a9","hash":"7e8f4ef3ddc2a5c887d4a77575bc9fa29832a165"}
,"/home/mtbocim/Rithm_exercises/express-jobly/models/job.js": {"path":"/home/mtbocim/Rithm_exercises/express-jobly/models/job.js","statementMap":{"0":{"start":{"line":3,"column":11},"end":{"line":3,"column":27}},"1":{"start":{"line":4,"column":43},"end":{"line":4,"column":69}},"2":{"start":{"line":5,"column":19},"end":{"line":5,"column":40}},"3":{"start":{"line":6,"column":21},"end":{"line":6,"column":54}},"4":{"start":{"line":7,"column":30},"end":{"line":7,"column":72}},"5":{"start":{"line":25,"column":8},"end":{"line":25,"column":56}},"6":{"start":{"line":26,"column":26},"end":{"line":30,"column":9}},"7":{"start":{"line":31,"column":8},"end":{"line":34,"column":9}},"8":{"start":{"line":32,"column":25},"end":{"line":32,"column":59}},"9":{"start":{"line":32,"column":51},"end":{"line":32,"column":58}},"10":{"start":{"line":33,"column":12},"end":{"line":33,"column":44}},"11":{"start":{"line":36,"column":29},"end":{"line":40,"column":21}},"12":{"start":{"line":42,"column":8},"end":{"line":42,"column":68}},"13":{"start":{"line":43,"column":8},"end":{"line":45,"column":9}},"14":{"start":{"line":44,"column":12},"end":{"line":44,"column":68}},"15":{"start":{"line":48,"column":23},"end":{"line":62,"column":20}},"16":{"start":{"line":64,"column":20},"end":{"line":64,"column":34}},"17":{"start":{"line":65,"column":8},"end":{"line":65,"column":19}},"18":{"start":{"line":75,"column":24},"end":{"line":82,"column":37}},"19":{"start":{"line":83,"column":8},"end":{"line":83,"column":28}},"20":{"start":{"line":159,"column":25},"end":{"line":159,"column":50}},"21":{"start":{"line":160,"column":8},"end":{"line":160,"column":83}},"22":{"start":{"line":160,"column":35},"end":{"line":160,"column":83}},"23":{"start":{"line":162,"column":26},"end":{"line":166,"column":9}},"24":{"start":{"line":167,"column":8},"end":{"line":170,"column":9}},"25":{"start":{"line":168,"column":25},"end":{"line":168,"column":59}},"26":{"start":{"line":168,"column":51},"end":{"line":168,"column":58}},"27":{"start":{"line":169,"column":12},"end":{"line":169,"column":44}},"28":{"start":{"line":172,"column":23},"end":{"line":172,"column":25}},"29":{"start":{"line":173,"column":22},"end":{"line":173,"column":24}},"30":{"start":{"line":175,"column":8},"end":{"line":178,"column":9}},"31":{"start":{"line":176,"column":12},"end":{"line":176,"column":51}},"32":{"start":{"line":177,"column":12},"end":{"line":177,"column":56}},"33":{"start":{"line":179,"column":8},"end":{"line":182,"column":9}},"34":{"start":{"line":180,"column":12},"end":{"line":180,"column":48}},"35":{"start":{"line":181,"column":12},"end":{"line":181,"column":54}},"36":{"start":{"line":183,"column":8},"end":{"line":185,"column":9}},"37":{"start":{"line":184,"column":12},"end":{"line":184,"column":36}},"38":{"start":{"line":187,"column":8},"end":{"line":187,"column":56}},"39":{"start":{"line":192,"column":0},"end":{"line":192,"column":21}}},"fnMap":{"0":{"name":"(anonymous_0)","decl":{"start":{"line":24,"column":4},"end":{"line":24,"column":5}},"loc":{"start":{"line":24,"column":59},"end":{"line":67,"column":5}},"line":24},"1":{"name":"(anonymous_1)","decl":{"start":{"line":32,"column":46},"end":{"line":32,"column":47}},"loc":{"start":{"line":32,"column":51},"end":{"line":32,"column":58}},"line":32},"2":{"name":"(anonymous_2)","decl":{"start":{"line":74,"column":4},"end":{"line":74,"column":5}},"loc":{"start":{"line":74,"column":27},"end":{"line":84,"column":5}},"line":74},"3":{"name":"(anonymous_3)","decl":{"start":{"line":100,"column":4},"end":{"line":100,"column":5}},"loc":{"start":{"line":100,"column":43},"end":{"line":102,"column":5}},"line":100},"4":{"name":"(anonymous_4)","decl":{"start":{"line":112,"column":4},"end":{"line":112,"column":5}},"loc":{"start":{"line":112,"column":25},"end":{"line":114,"column":5}},"line":112},"5":{"name":"(anonymous_5)","decl":{"start":{"line":129,"column":4},"end":{"line":129,"column":5}},"loc":{"start":{"line":129,"column":34},"end":{"line":131,"column":5}},"line":129},"6":{"name":"(anonymous_6)","decl":{"start":{"line":139,"column":4},"end":{"line":139,"column":5}},"loc":{"start":{"line":139,"column":28},"end":{"line":141,"column":5}},"line":139},"7":{"name":"(anonymous_7)","decl":{"start":{"line":158,"column":4},"end":{"line":158,"column":5}},"loc":{"start":{"line":158,"column":47},"end":{"line":189,"column":5}},"line":158},"8":{"name":"(anonymous_8)","decl":{"start":{"line":168,"column":46},"end":{"line":168,"column":47}},"loc":{"start":{"line":168,"column":51},"end":{"line":168,"column":58}},"line":168}},"branchMap":{"0":{"loc":{"start":{"line":31,"column":8},"end":{"line":34,"column":9}},"type":"if","locations":[{"start":{"line":31,"column":8},"end":{"line":34,"column":9}},{"start":{},"end":{}}],"line":31},"1":{"loc":{"start":{"line":43,"column":8},"end":{"line":45,"column":9}},"type":"if","locations":[{"start":{"line":43,"column":8},"end":{"line":45,"column":9}},{"start":{},"end":{}}],"line":43},"2":{"loc":{"start":{"line":160,"column":8},"end":{"line":160,"column":83}},"type":"if","locations":[{"start":{"line":160,"column":8},"end":{"line":160,"column":83}},{"start":{},"end":{}}],"line":160},"3":{"loc":{"start":{"line":167,"column":8},"end":{"line":170,"column":9}},"type":"if","locations":[{"start":{"line":167,"column":8},"end":{"line":170,"column":9}},{"start":{},"end":{}}],"line":167},"4":{"loc":{"start":{"line":175,"column":8},"end":{"line":178,"column":9}},"type":"if","locations":[{"start":{"line":175,"column":8},"end":{"line":178,"column":9}},{"start":{},"end":{}}],"line":175},"5":{"loc":{"start":{"line":179,"column":8},"end":{"line":182,"column":9}},"type":"if","locations":[{"start":{"line":179,"column":8},"end":{"line":182,"column":9}},{"start":{},"end":{}}],"line":179},"6":{"loc":{"start":{"line":183,"column":8},"end":{"line":185,"column":9}},"type":"if","locations":[{"start":{"line":183,"column":8},"end":{"line":185,"column":9}},{"start":{},"end":{}}],"line":183}},"s":{"0":1,"1":1,"2":1,"3":1,"4":1,"5":7,"6":7,"7":7,"8":2,"9":2,"10":2,"11":5,"12":5,"13":5,"14":1,"15":4,"16":4,"17":4,"18":1,"19":1,"20":7,"21":7,"22":1,"23":6,"24":6,"25":2,"26":2,"27":2,"28":4,"29":4,"30":4,"31":2,"32":2,"33":4,"34":3,"35":3,"36":4,"37":3,"38":4,"39":1},"f":{"0":7,"1":2,"2":1,"3":0,"4":0,"5":0,"6":0,"7":7,"8":2},"b":{"0":[2,5],"1":[1,4],"2":[1,6],"3":[2,4],"4":[2,2],"5":[3,1],"6":[3,1]},"_coverageSchema":"1a1c01bbd47fc00a2c39e90264f33305004495a9","hash":"0c09f18d348d056a89bdc7d248523c8f3791a8e5"}
,"/home/mtbocim/Rithm_exercises/express-jobly/models/user.js": {"path":"/home/mtbocim/Rithm_exercises/express-jobly/models/user.js","statementMap":{"0":{"start":{"line":3,"column":11},"end":{"line":3,"column":27}},"1":{"start":{"line":4,"column":15},"end":{"line":4,"column":32}},"2":{"start":{"line":5,"column":32},"end":{"line":5,"column":57}},"3":{"start":{"line":10,"column":4},"end":{"line":10,"column":30}},"4":{"start":{"line":12,"column":31},"end":{"line":12,"column":54}},"5":{"start":{"line":26,"column":19},"end":{"line":36,"column":5}},"6":{"start":{"line":38,"column":17},"end":{"line":38,"column":31}},"7":{"start":{"line":40,"column":4},"end":{"line":47,"column":5}},"8":{"start":{"line":42,"column":22},"end":{"line":42,"column":67}},"9":{"start":{"line":43,"column":6},"end":{"line":46,"column":7}},"10":{"start":{"line":44,"column":8},"end":{"line":44,"column":29}},"11":{"start":{"line":45,"column":8},"end":{"line":45,"column":20}},"12":{"start":{"line":49,"column":4},"end":{"line":49,"column":61}},"13":{"start":{"line":61,"column":27},"end":{"line":66,"column":5}},"14":{"start":{"line":68,"column":4},"end":{"line":70,"column":5}},"15":{"start":{"line":69,"column":6},"end":{"line":69,"column":67}},"16":{"start":{"line":72,"column":27},"end":{"line":72,"column":74}},"17":{"start":{"line":74,"column":19},"end":{"line":92,"column":5}},"18":{"start":{"line":94,"column":17},"end":{"line":94,"column":31}},"19":{"start":{"line":96,"column":4},"end":{"line":96,"column":16}},"20":{"start":{"line":105,"column":19},"end":{"line":113,"column":5}},"21":{"start":{"line":115,"column":4},"end":{"line":115,"column":23}},"22":{"start":{"line":127,"column":20},"end":{"line":136,"column":5}},"23":{"start":{"line":138,"column":17},"end":{"line":138,"column":32}},"24":{"start":{"line":140,"column":4},"end":{"line":140,"column":63}},"25":{"start":{"line":140,"column":15},"end":{"line":140,"column":63}},"26":{"start":{"line":142,"column":4},"end":{"line":142,"column":16}},"27":{"start":{"line":163,"column":4},"end":{"line":165,"column":5}},"28":{"start":{"line":164,"column":6},"end":{"line":164,"column":75}},"29":{"start":{"line":167,"column":32},"end":{"line":173,"column":8}},"30":{"start":{"line":174,"column":27},"end":{"line":174,"column":52}},"31":{"start":{"line":176,"column":21},"end":{"line":183,"column":54}},"32":{"start":{"line":184,"column":19},"end":{"line":184,"column":66}},"33":{"start":{"line":185,"column":17},"end":{"line":185,"column":31}},"34":{"start":{"line":187,"column":4},"end":{"line":187,"column":63}},"35":{"start":{"line":187,"column":15},"end":{"line":187,"column":63}},"36":{"start":{"line":189,"column":4},"end":{"line":189,"column":25}},"37":{"start":{"line":190,"column":4},"end":{"line":190,"column":16}},"38":{"start":{"line":196,"column":17},"end":{"line":202,"column":5}},"39":{"start":{"line":203,"column":17},"end":{"line":203,"column":31}},"40":{"start":{"line":205,"column":4},"end":{"line":205,"column":63}},"41":{"start":{"line":205,"column":15},"end":{"line":205,"column":63}},"42":{"start":{"line":210,"column":0},"end":{"line":210,"column":22}}},"fnMap":{"0":{"name":"(anonymous_0)","decl":{"start":{"line":24,"column":2},"end":{"line":24,"column":3}},"loc":{"start":{"line":24,"column":48},"end":{"line":50,"column":3}},"line":24},"1":{"name":"(anonymous_1)","decl":{"start":{"line":59,"column":2},"end":{"line":59,"column":3}},"loc":{"start":{"line":60,"column":65},"end":{"line":97,"column":3}},"line":60},"2":{"name":"(anonymous_2)","decl":{"start":{"line":104,"column":2},"end":{"line":104,"column":3}},"loc":{"start":{"line":104,"column":25},"end":{"line":116,"column":3}},"line":104},"3":{"name":"(anonymous_3)","decl":{"start":{"line":126,"column":2},"end":{"line":126,"column":3}},"loc":{"start":{"line":126,"column":29},"end":{"line":143,"column":3}},"line":126},"4":{"name":"(anonymous_4)","decl":{"start":{"line":162,"column":2},"end":{"line":162,"column":3}},"loc":{"start":{"line":162,"column":38},"end":{"line":191,"column":3}},"line":162},"5":{"name":"(anonymous_5)","decl":{"start":{"line":195,"column":2},"end":{"line":195,"column":3}},"loc":{"start":{"line":195,"column":32},"end":{"line":206,"column":3}},"line":195}},"branchMap":{"0":{"loc":{"start":{"line":40,"column":4},"end":{"line":47,"column":5}},"type":"if","locations":[{"start":{"line":40,"column":4},"end":{"line":47,"column":5}},{"start":{},"end":{}}],"line":40},"1":{"loc":{"start":{"line":43,"column":6},"end":{"line":46,"column":7}},"type":"if","locations":[{"start":{"line":43,"column":6},"end":{"line":46,"column":7}},{"start":{},"end":{}}],"line":43},"2":{"loc":{"start":{"line":68,"column":4},"end":{"line":70,"column":5}},"type":"if","locations":[{"start":{"line":68,"column":4},"end":{"line":70,"column":5}},{"start":{},"end":{}}],"line":68},"3":{"loc":{"start":{"line":140,"column":4},"end":{"line":140,"column":63}},"type":"if","locations":[{"start":{"line":140,"column":4},"end":{"line":140,"column":63}},{"start":{},"end":{}}],"line":140},"4":{"loc":{"start":{"line":163,"column":4},"end":{"line":165,"column":5}},"type":"if","locations":[{"start":{"line":163,"column":4},"end":{"line":165,"column":5}},{"start":{},"end":{}}],"line":163},"5":{"loc":{"start":{"line":187,"column":4},"end":{"line":187,"column":63}},"type":"if","locations":[{"start":{"line":187,"column":4},"end":{"line":187,"column":63}},{"start":{},"end":{}}],"line":187},"6":{"loc":{"start":{"line":205,"column":4},"end":{"line":205,"column":63}},"type":"if","locations":[{"start":{"line":205,"column":4},"end":{"line":205,"column":63}},{"start":{},"end":{}}],"line":205}},"s":{"0":5,"1":5,"2":5,"3":5,"4":5,"5":8,"6":8,"7":8,"8":5,"9":5,"10":4,"11":4,"12":4,"13":20,"14":20,"15":2,"16":18,"17":18,"18":18,"19":18,"20":3,"21":2,"22":5,"23":5,"24":5,"25":2,"26":3,"27":9,"28":3,"29":9,"30":8,"31":8,"32":8,"33":8,"34":8,"35":2,"36":6,"37":6,"38":5,"39":5,"40":5,"41":2,"42":5},"f":{"0":8,"1":20,"2":3,"3":5,"4":9,"5":5},"b":{"0":[5,3],"1":[4,1],"2":[2,18],"3":[2,3],"4":[3,6],"5":[2,6],"6":[2,3]},"_coverageSchema":"1a1c01bbd47fc00a2c39e90264f33305004495a9","hash":"91368ac4a77cb9774dee92b056ad5ab6673000eb"}
,"/home/mtbocim/Rithm_exercises/express-jobly/routes/_testCommon.js": {"path":"/home/mtbocim/Rithm_exercises/express-jobly/routes/_testCommon.js","statementMap":{"0":{"start":{"line":3,"column":11},"end":{"line":3,"column":30}},"1":{"start":{"line":4,"column":13},"end":{"line":4,"column":38}},"2":{"start":{"line":5,"column":16},"end":{"line":5,"column":44}},"3":{"start":{"line":6,"column":24},"end":{"line":6,"column":52}},"4":{"start":{"line":10,"column":2},"end":{"line":10,"column":38}},"5":{"start":{"line":12,"column":2},"end":{"line":12,"column":42}},"6":{"start":{"line":14,"column":2},"end":{"line":21,"column":7}},"7":{"start":{"line":22,"column":2},"end":{"line":29,"column":7}},"8":{"start":{"line":30,"column":2},"end":{"line":37,"column":7}},"9":{"start":{"line":39,"column":2},"end":{"line":46,"column":5}},"10":{"start":{"line":47,"column":2},"end":{"line":54,"column":5}},"11":{"start":{"line":55,"column":2},"end":{"line":62,"column":5}},"12":{"start":{"line":63,"column":2},"end":{"line":70,"column":5}},"13":{"start":{"line":74,"column":2},"end":{"line":74,"column":26}},"14":{"start":{"line":78,"column":2},"end":{"line":78,"column":29}},"15":{"start":{"line":82,"column":2},"end":{"line":82,"column":17}},"16":{"start":{"line":86,"column":16},"end":{"line":86,"column":63}},"17":{"start":{"line":87,"column":19},"end":{"line":87,"column":68}},"18":{"start":{"line":90,"column":0},"end":{"line":97,"column":2}}},"fnMap":{"0":{"name":"commonBeforeAll","decl":{"start":{"line":8,"column":15},"end":{"line":8,"column":30}},"loc":{"start":{"line":8,"column":33},"end":{"line":71,"column":1}},"line":8},"1":{"name":"commonBeforeEach","decl":{"start":{"line":73,"column":15},"end":{"line":73,"column":31}},"loc":{"start":{"line":73,"column":34},"end":{"line":75,"column":1}},"line":73},"2":{"name":"commonAfterEach","decl":{"start":{"line":77,"column":15},"end":{"line":77,"column":30}},"loc":{"start":{"line":77,"column":33},"end":{"line":79,"column":1}},"line":77},"3":{"name":"commonAfterAll","decl":{"start":{"line":81,"column":15},"end":{"line":81,"column":29}},"loc":{"start":{"line":81,"column":32},"end":{"line":83,"column":1}},"line":81}},"branchMap":{},"s":{"0":3,"1":3,"2":3,"3":3,"4":3,"5":3,"6":3,"7":3,"8":3,"9":3,"10":3,"11":3,"12":3,"13":72,"14":72,"15":3,"16":3,"17":3,"18":3},"f":{"0":3,"1":72,"2":72,"3":3},"b":{},"_coverageSchema":"1a1c01bbd47fc00a2c39e90264f33305004495a9","hash":"4ab5a8bb61cd276d5f82951f232dfe5051807d8a"}
,"/home/mtbocim/Rithm_exercises/express-jobly/routes/auth.js": {"path":"/home/mtbocim/Rithm_exercises/express-jobly/routes/auth.js","statementMap":{"0":{"start":{"line":5,"column":19},"end":{"line":5,"column":40}},"1":{"start":{"line":7,"column":13},"end":{"line":7,"column":38}},"2":{"start":{"line":8,"column":16},"end":{"line":8,"column":34}},"3":{"start":{"line":9,"column":15},"end":{"line":9,"column":35}},"4":{"start":{"line":10,"column":24},"end":{"line":10,"column":52}},"5":{"start":{"line":11,"column":23},"end":{"line":11,"column":58}},"6":{"start":{"line":12,"column":27},"end":{"line":12,"column":66}},"7":{"start":{"line":13,"column":28},"end":{"line":13,"column":54}},"8":{"start":{"line":22,"column":0},"end":{"line":37,"column":3}},"9":{"start":{"line":23,"column":20},"end":{"line":27,"column":3}},"10":{"start":{"line":28,"column":2},"end":{"line":31,"column":3}},"11":{"start":{"line":29,"column":17},"end":{"line":29,"column":51}},"12":{"start":{"line":29,"column":43},"end":{"line":29,"column":50}},"13":{"start":{"line":30,"column":4},"end":{"line":30,"column":36}},"14":{"start":{"line":33,"column":33},"end":{"line":33,"column":41}},"15":{"start":{"line":34,"column":15},"end":{"line":34,"column":58}},"16":{"start":{"line":35,"column":16},"end":{"line":35,"column":33}},"17":{"start":{"line":36,"column":2},"end":{"line":36,"column":29}},"18":{"start":{"line":49,"column":0},"end":{"line":63,"column":3}},"19":{"start":{"line":50,"column":20},"end":{"line":54,"column":3}},"20":{"start":{"line":55,"column":2},"end":{"line":58,"column":3}},"21":{"start":{"line":56,"column":17},"end":{"line":56,"column":51}},"22":{"start":{"line":56,"column":43},"end":{"line":56,"column":50}},"23":{"start":{"line":57,"column":4},"end":{"line":57,"column":36}},"24":{"start":{"line":60,"column":18},"end":{"line":60,"column":70}},"25":{"start":{"line":61,"column":16},"end":{"line":61,"column":36}},"26":{"start":{"line":62,"column":2},"end":{"line":62,"column":41}},"27":{"start":{"line":66,"column":0},"end":{"line":66,"column":24}}},"fnMap":{"0":{"name":"(anonymous_0)","decl":{"start":{"line":22,"column":22},"end":{"line":22,"column":23}},"loc":{"start":{"line":22,"column":54},"end":{"line":37,"column":1}},"line":22},"1":{"name":"(anonymous_1)","decl":{"start":{"line":29,"column":38},"end":{"line":29,"column":39}},"loc":{"start":{"line":29,"column":43},"end":{"line":29,"column":50}},"line":29},"2":{"name":"(anonymous_2)","decl":{"start":{"line":49,"column":25},"end":{"line":49,"column":26}},"loc":{"start":{"line":49,"column":57},"end":{"line":63,"column":1}},"line":49},"3":{"name":"(anonymous_3)","decl":{"start":{"line":56,"column":38},"end":{"line":56,"column":39}},"loc":{"start":{"line":56,"column":43},"end":{"line":56,"column":50}},"line":56}},"branchMap":{"0":{"loc":{"start":{"line":28,"column":2},"end":{"line":31,"column":3}},"type":"if","locations":[{"start":{"line":28,"column":2},"end":{"line":31,"column":3}},{"start":{},"end":{}}],"line":28},"1":{"loc":{"start":{"line":55,"column":2},"end":{"line":58,"column":3}},"type":"if","locations":[{"start":{"line":55,"column":2},"end":{"line":58,"column":3}},{"start":{},"end":{}}],"line":55}},"s":{"0":4,"1":4,"2":4,"3":4,"4":4,"5":4,"6":4,"7":4,"8":4,"9":5,"10":5,"11":2,"12":2,"13":2,"14":3,"15":3,"16":1,"17":1,"18":4,"19":4,"20":4,"21":2,"22":5,"23":2,"24":2,"25":1,"26":1,"27":4},"f":{"0":5,"1":2,"2":4,"3":5},"b":{"0":[2,3],"1":[2,2]},"_coverageSchema":"1a1c01bbd47fc00a2c39e90264f33305004495a9","hash":"b08a0062d8830d834a4975150d10b3f22f215583"}
,"/home/mtbocim/Rithm_exercises/express-jobly/routes/companies.js": {"path":"/home/mtbocim/Rithm_exercises/express-jobly/routes/companies.js","statementMap":{"0":{"start":{"line":5,"column":19},"end":{"line":5,"column":40}},"1":{"start":{"line":6,"column":16},"end":{"line":6,"column":34}},"2":{"start":{"line":8,"column":28},"end":{"line":8,"column":54}},"3":{"start":{"line":9,"column":40},"end":{"line":9,"column":69}},"4":{"start":{"line":10,"column":16},"end":{"line":10,"column":44}},"5":{"start":{"line":12,"column":25},"end":{"line":12,"column":62}},"6":{"start":{"line":13,"column":28},"end":{"line":13,"column":74}},"7":{"start":{"line":14,"column":28},"end":{"line":14,"column":68}},"8":{"start":{"line":16,"column":15},"end":{"line":16,"column":35}},"9":{"start":{"line":28,"column":0},"end":{"line":41,"column":3}},"10":{"start":{"line":29,"column":20},"end":{"line":33,"column":3}},"11":{"start":{"line":34,"column":2},"end":{"line":37,"column":3}},"12":{"start":{"line":35,"column":17},"end":{"line":35,"column":51}},"13":{"start":{"line":35,"column":43},"end":{"line":35,"column":50}},"14":{"start":{"line":36,"column":4},"end":{"line":36,"column":36}},"15":{"start":{"line":39,"column":18},"end":{"line":39,"column":48}},"16":{"start":{"line":40,"column":2},"end":{"line":40,"column":43}},"17":{"start":{"line":54,"column":0},"end":{"line":81,"column":3}},"18":{"start":{"line":55,"column":16},"end":{"line":55,"column":25}},"19":{"start":{"line":56,"column":2},"end":{"line":58,"column":3}},"20":{"start":{"line":57,"column":4},"end":{"line":57,"column":45}},"21":{"start":{"line":59,"column":2},"end":{"line":61,"column":3}},"22":{"start":{"line":60,"column":4},"end":{"line":60,"column":45}},"23":{"start":{"line":63,"column":20},"end":{"line":63,"column":38}},"24":{"start":{"line":64,"column":2},"end":{"line":80,"column":3}},"25":{"start":{"line":65,"column":22},"end":{"line":69,"column":5}},"26":{"start":{"line":70,"column":4},"end":{"line":73,"column":5}},"27":{"start":{"line":71,"column":19},"end":{"line":71,"column":53}},"28":{"start":{"line":71,"column":45},"end":{"line":71,"column":52}},"29":{"start":{"line":72,"column":6},"end":{"line":72,"column":38}},"30":{"start":{"line":75,"column":22},"end":{"line":75,"column":55}},"31":{"start":{"line":76,"column":4},"end":{"line":76,"column":35}},"32":{"start":{"line":78,"column":22},"end":{"line":78,"column":45}},"33":{"start":{"line":79,"column":4},"end":{"line":79,"column":35}},"34":{"start":{"line":91,"column":0},"end":{"line":94,"column":3}},"35":{"start":{"line":92,"column":18},"end":{"line":92,"column":54}},"36":{"start":{"line":93,"column":2},"end":{"line":93,"column":31}},"37":{"start":{"line":107,"column":0},"end":{"line":120,"column":3}},"38":{"start":{"line":108,"column":20},"end":{"line":112,"column":3}},"39":{"start":{"line":113,"column":2},"end":{"line":116,"column":3}},"40":{"start":{"line":114,"column":17},"end":{"line":114,"column":51}},"41":{"start":{"line":114,"column":43},"end":{"line":114,"column":50}},"42":{"start":{"line":115,"column":4},"end":{"line":115,"column":36}},"43":{"start":{"line":118,"column":18},"end":{"line":118,"column":67}},"44":{"start":{"line":119,"column":2},"end":{"line":119,"column":31}},"45":{"start":{"line":127,"column":0},"end":{"line":130,"column":3}},"46":{"start":{"line":128,"column":2},"end":{"line":128,"column":42}},"47":{"start":{"line":129,"column":2},"end":{"line":129,"column":50}},"48":{"start":{"line":133,"column":0},"end":{"line":133,"column":24}}},"fnMap":{"0":{"name":"(anonymous_0)","decl":{"start":{"line":28,"column":46},"end":{"line":28,"column":47}},"loc":{"start":{"line":28,"column":78},"end":{"line":41,"column":1}},"line":28},"1":{"name":"(anonymous_1)","decl":{"start":{"line":35,"column":38},"end":{"line":35,"column":39}},"loc":{"start":{"line":35,"column":43},"end":{"line":35,"column":50}},"line":35},"2":{"name":"(anonymous_2)","decl":{"start":{"line":54,"column":16},"end":{"line":54,"column":17}},"loc":{"start":{"line":54,"column":48},"end":{"line":81,"column":1}},"line":54},"3":{"name":"(anonymous_3)","decl":{"start":{"line":71,"column":40},"end":{"line":71,"column":41}},"loc":{"start":{"line":71,"column":45},"end":{"line":71,"column":52}},"line":71},"4":{"name":"(anonymous_4)","decl":{"start":{"line":91,"column":23},"end":{"line":91,"column":24}},"loc":{"start":{"line":91,"column":55},"end":{"line":94,"column":1}},"line":91},"5":{"name":"(anonymous_5)","decl":{"start":{"line":107,"column":54},"end":{"line":107,"column":55}},"loc":{"start":{"line":107,"column":86},"end":{"line":120,"column":1}},"line":107},"6":{"name":"(anonymous_6)","decl":{"start":{"line":114,"column":38},"end":{"line":114,"column":39}},"loc":{"start":{"line":114,"column":43},"end":{"line":114,"column":50}},"line":114},"7":{"name":"(anonymous_7)","decl":{"start":{"line":127,"column":55},"end":{"line":127,"column":56}},"loc":{"start":{"line":127,"column":87},"end":{"line":130,"column":1}},"line":127}},"branchMap":{"0":{"loc":{"start":{"line":34,"column":2},"end":{"line":37,"column":3}},"type":"if","locations":[{"start":{"line":34,"column":2},"end":{"line":37,"column":3}},{"start":{},"end":{}}],"line":34},"1":{"loc":{"start":{"line":56,"column":2},"end":{"line":58,"column":3}},"type":"if","locations":[{"start":{"line":56,"column":2},"end":{"line":58,"column":3}},{"start":{},"end":{}}],"line":56},"2":{"loc":{"start":{"line":59,"column":2},"end":{"line":61,"column":3}},"type":"if","locations":[{"start":{"line":59,"column":2},"end":{"line":61,"column":3}},{"start":{},"end":{}}],"line":59},"3":{"loc":{"start":{"line":64,"column":2},"end":{"line":80,"column":3}},"type":"if","locations":[{"start":{"line":64,"column":2},"end":{"line":80,"column":3}},{"start":{"line":77,"column":9},"end":{"line":80,"column":3}}],"line":64},"4":{"loc":{"start":{"line":70,"column":4},"end":{"line":73,"column":5}},"type":"if","locations":[{"start":{"line":70,"column":4},"end":{"line":73,"column":5}},{"start":{},"end":{}}],"line":70},"5":{"loc":{"start":{"line":113,"column":2},"end":{"line":116,"column":3}},"type":"if","locations":[{"start":{"line":113,"column":2},"end":{"line":116,"column":3}},{"start":{},"end":{}}],"line":113}},"s":{"0":4,"1":4,"2":4,"3":4,"4":4,"5":4,"6":4,"7":4,"8":4,"9":4,"10":3,"11":3,"12":2,"13":3,"14":2,"15":1,"16":1,"17":4,"18":7,"19":7,"20":2,"21":7,"22":1,"23":7,"24":7,"25":5,"26":5,"27":1,"28":1,"29":1,"30":4,"31":4,"32":2,"33":1,"34":4,"35":3,"36":2,"37":4,"38":4,"39":4,"40":2,"41":2,"42":2,"43":2,"44":1,"45":4,"46":2,"47":1,"48":4},"f":{"0":3,"1":3,"2":7,"3":1,"4":3,"5":4,"6":2,"7":2},"b":{"0":[2,1],"1":[2,5],"2":[1,6],"3":[5,2],"4":[1,4],"5":[2,2]},"_coverageSchema":"1a1c01bbd47fc00a2c39e90264f33305004495a9","hash":"e42bf5ae8549960f822147695632753398bf2a82"}
,"/home/mtbocim/Rithm_exercises/express-jobly/routes/users.js": {"path":"/home/mtbocim/Rithm_exercises/express-jobly/routes/users.js","statementMap":{"0":{"start":{"line":5,"column":19},"end":{"line":5,"column":40}},"1":{"start":{"line":7,"column":16},"end":{"line":7,"column":34}},"2":{"start":{"line":8,"column":73},"end":{"line":8,"column":102}},"3":{"start":{"line":9,"column":28},"end":{"line":9,"column":54}},"4":{"start":{"line":10,"column":13},"end":{"line":10,"column":38}},"5":{"start":{"line":11,"column":24},"end":{"line":11,"column":52}},"6":{"start":{"line":12,"column":22},"end":{"line":12,"column":56}},"7":{"start":{"line":13,"column":25},"end":{"line":13,"column":62}},"8":{"start":{"line":15,"column":15},"end":{"line":15,"column":31}},"9":{"start":{"line":30,"column":0},"end":{"line":44,"column":3}},"10":{"start":{"line":31,"column":20},"end":{"line":35,"column":3}},"11":{"start":{"line":36,"column":2},"end":{"line":39,"column":3}},"12":{"start":{"line":37,"column":17},"end":{"line":37,"column":51}},"13":{"start":{"line":37,"column":43},"end":{"line":37,"column":50}},"14":{"start":{"line":38,"column":4},"end":{"line":38,"column":36}},"15":{"start":{"line":41,"column":15},"end":{"line":41,"column":44}},"16":{"start":{"line":42,"column":16},"end":{"line":42,"column":33}},"17":{"start":{"line":43,"column":2},"end":{"line":43,"column":47}},"18":{"start":{"line":54,"column":0},"end":{"line":57,"column":3}},"19":{"start":{"line":55,"column":16},"end":{"line":55,"column":36}},"20":{"start":{"line":56,"column":2},"end":{"line":56,"column":29}},"21":{"start":{"line":67,"column":0},"end":{"line":70,"column":3}},"22":{"start":{"line":68,"column":15},"end":{"line":68,"column":50}},"23":{"start":{"line":69,"column":2},"end":{"line":69,"column":28}},"24":{"start":{"line":83,"column":0},"end":{"line":96,"column":3}},"25":{"start":{"line":84,"column":20},"end":{"line":88,"column":3}},"26":{"start":{"line":89,"column":2},"end":{"line":92,"column":3}},"27":{"start":{"line":90,"column":17},"end":{"line":90,"column":51}},"28":{"start":{"line":90,"column":43},"end":{"line":90,"column":50}},"29":{"start":{"line":91,"column":4},"end":{"line":91,"column":36}},"30":{"start":{"line":94,"column":15},"end":{"line":94,"column":63}},"31":{"start":{"line":95,"column":2},"end":{"line":95,"column":28}},"32":{"start":{"line":104,"column":0},"end":{"line":107,"column":3}},"33":{"start":{"line":105,"column":2},"end":{"line":105,"column":41}},"34":{"start":{"line":106,"column":2},"end":{"line":106,"column":52}},"35":{"start":{"line":110,"column":0},"end":{"line":110,"column":24}}},"fnMap":{"0":{"name":"(anonymous_0)","decl":{"start":{"line":30,"column":46},"end":{"line":30,"column":47}},"loc":{"start":{"line":30,"column":78},"end":{"line":44,"column":1}},"line":30},"1":{"name":"(anonymous_1)","decl":{"start":{"line":37,"column":38},"end":{"line":37,"column":39}},"loc":{"start":{"line":37,"column":43},"end":{"line":37,"column":50}},"line":37},"2":{"name":"(anonymous_2)","decl":{"start":{"line":54,"column":45},"end":{"line":54,"column":46}},"loc":{"start":{"line":54,"column":77},"end":{"line":57,"column":1}},"line":54},"3":{"name":"(anonymous_3)","decl":{"start":{"line":67,"column":61},"end":{"line":67,"column":62}},"loc":{"start":{"line":67,"column":93},"end":{"line":70,"column":1}},"line":67},"4":{"name":"(anonymous_4)","decl":{"start":{"line":83,"column":63},"end":{"line":83,"column":64}},"loc":{"start":{"line":83,"column":95},"end":{"line":96,"column":1}},"line":83},"5":{"name":"(anonymous_5)","decl":{"start":{"line":90,"column":38},"end":{"line":90,"column":39}},"loc":{"start":{"line":90,"column":43},"end":{"line":90,"column":50}},"line":90},"6":{"name":"(anonymous_6)","decl":{"start":{"line":104,"column":64},"end":{"line":104,"column":65}},"loc":{"start":{"line":104,"column":96},"end":{"line":107,"column":1}},"line":104}},"branchMap":{"0":{"loc":{"start":{"line":36,"column":2},"end":{"line":39,"column":3}},"type":"if","locations":[{"start":{"line":36,"column":2},"end":{"line":39,"column":3}},{"start":{},"end":{}}],"line":36},"1":{"loc":{"start":{"line":89,"column":2},"end":{"line":92,"column":3}},"type":"if","locations":[{"start":{"line":89,"column":2},"end":{"line":92,"column":3}},{"start":{},"end":{}}],"line":89}},"s":{"0":4,"1":4,"2":4,"3":4,"4":4,"5":4,"6":4,"7":4,"8":4,"9":4,"10":4,"11":4,"12":2,"13":5,"14":2,"15":2,"16":2,"17":2,"18":4,"19":2,"20":1,"21":4,"22":3,"23":2,"24":4,"25":7,"26":7,"27":2,"28":2,"29":2,"30":5,"31":4,"32":4,"33":3,"34":2,"35":4},"f":{"0":4,"1":5,"2":2,"3":3,"4":7,"5":2,"6":3},"b":{"0":[2,2],"1":[2,5]},"_coverageSchema":"1a1c01bbd47fc00a2c39e90264f33305004495a9","hash":"6dcff49180834af7e7fbaafcbada5e3a899f5ef4"}
}
