TN:
SF:app.js
FN:32,(anonymous_0)
FN:37,(anonymous_1)
FNF:2
FNH:2
FNDA:2,(anonymous_0)
FNDA:71,(anonymous_1)
DA:5,5
DA:6,5
DA:8,5
DA:10,5
DA:11,5
DA:12,5
DA:13,5
DA:14,5
DA:16,5
DA:18,5
DA:20,5
DA:21,5
DA:22,5
DA:23,5
DA:25,5
DA:26,5
DA:27,5
DA:28,5
DA:32,5
DA:33,2
DA:37,5
DA:38,71
DA:39,71
DA:40,71
DA:42,71
DA:47,5
LF:26
LH:26
BRDA:38,0,0,1
BRDA:38,0,1,70
BRDA:39,1,0,71
BRDA:39,1,1,3
BRF:4
BRH:4
end_of_record
TN:
SF:config.js
FN:19,getDatabaseUri
FNF:1
FNH:1
FNDA:22,getDatabaseUri
DA:5,11
DA:6,11
DA:8,11
DA:10,11
DA:20,22
DA:29,11
DA:31,11
DA:32,11
DA:33,11
DA:34,11
DA:35,11
DA:36,11
DA:38,11
LF:13
LH:13
BRDA:8,0,0,11
BRDA:8,0,1,10
BRDA:10,1,0,11
BRDA:10,1,1,10
BRDA:20,2,0,19
BRDA:20,2,1,3
BRDA:22,3,0,3
BRDA:22,3,1,1
BRDA:29,4,0,10
BRDA:29,4,1,1
BRF:10
BRH:10
end_of_record
TN:
SF:db.js
FNF:0
FNH:0
DA:5,8
DA:6,8
DA:8,8
DA:12,8
DA:14,8
LF:5
LH:5
BRF:0
BRH:0
end_of_record
TN:
SF:expressError.js
FN:8,(anonymous_0)
FN:18,(anonymous_1)
FN:26,(anonymous_2)
FN:34,(anonymous_3)
FN:42,(anonymous_4)
FNF:5
FNH:4
FNDA:104,(anonymous_0)
FNDA:20,(anonymous_1)
FNDA:43,(anonymous_2)
FNDA:41,(anonymous_3)
FNDA:0,(anonymous_4)
DA:9,104
DA:10,104
DA:11,104
DA:19,20
DA:27,43
DA:35,41
DA:43,0
DA:47,10
LF:8
LH:7
BRDA:18,0,0,2
BRDA:26,1,0,39
BRDA:34,2,0,0
BRDA:42,3,0,0
BRF:4
BRH:2
end_of_record
TN:
SF:helpers/sql.js
FN:13,sqlForPartialUpdate
FN:18,(anonymous_1)
FNF:2
FNH:2
FNDA:33,sqlForPartialUpdate
FNDA:52,(anonymous_1)
DA:1,9
DA:2,9
DA:3,9
DA:14,33
DA:15,33
DA:18,29
DA:19,52
DA:22,29
DA:74,9
LF:9
LH:9
BRDA:15,0,0,4
BRDA:15,0,1,29
BRDA:19,1,0,52
BRDA:19,1,1,33
BRF:4
BRH:4
end_of_record
TN:
SF:helpers/tokens.js
FN:6,createToken
FNF:1
FNH:1
FNDA:15,createToken
DA:1,6
DA:2,6
DA:7,15
DA:10,15
DA:15,15
DA:18,6
LF:6
LH:6
BRDA:12,0,0,15
BRDA:12,0,1,9
BRF:2
BRH:2
end_of_record
TN:
SF:middleware/auth.js
FN:18,authenticateJWT
FN:37,ensureLoggedIn
FN:47,ensureAdmin
FN:59,ensureOwnerOrAdmin
FNF:4
FNH:4
FNDA:107,authenticateJWT
FNDA:76,ensureLoggedIn
FNDA:49,ensureAdmin
FNDA:22,ensureOwnerOrAdmin
DA:5,6
DA:6,6
DA:7,6
DA:19,107
DA:20,107
DA:22,107
DA:23,67
DA:24,67
DA:26,106
DA:28,1
DA:38,76
DA:39,64
DA:48,49
DA:50,48
DA:51,28
DA:60,22
DA:62,21
DA:63,16
DA:65,5
DA:74,6
LF:20
LH:20
BRDA:20,0,0,107
BRDA:20,0,1,106
BRDA:22,1,0,67
BRDA:22,1,1,40
BRDA:38,2,0,12
BRDA:38,2,1,64
BRDA:48,3,0,1
BRDA:48,3,1,48
BRDA:50,4,0,20
BRDA:50,4,1,28
BRDA:60,5,0,1
BRDA:60,5,1,21
BRDA:62,6,0,16
BRDA:62,6,1,5
BRDA:62,7,0,21
BRDA:62,7,1,15
BRF:16
BRH:16
end_of_record
TN:
SF:models/_testCommon.js
FN:6,commonBeforeAll
FN:46,commonBeforeEach
FN:50,commonAfterEach
FN:54,commonAfterAll
FNF:4
FNH:4
FNDA:3,commonBeforeAll
FNDA:72,commonBeforeEach
FNDA:72,commonAfterEach
FNDA:3,commonAfterAll
DA:1,3
DA:3,3
DA:4,3
DA:8,3
DA:10,3
DA:11,3
DA:15,3
DA:21,3
DA:37,3
DA:47,72
DA:51,72
DA:55,3
DA:59,3
LF:13
LH:13
BRF:0
BRH:0
end_of_record
TN:
SF:models/company.js
FN:21,(anonymous_0)
FN:60,(anonymous_1)
FN:84,(anonymous_2)
FN:118,(anonymous_3)
FN:165,(anonymous_4)
FN:192,(anonymous_5)
FN:217,(anonymous_6)
FN:227,(anonymous_7)
FNF:8
FNH:8
FNDA:16,(anonymous_0)
FNDA:3,(anonymous_1)
FNDA:10,(anonymous_2)
FNDA:5,(anonymous_3)
FNDA:8,(anonymous_4)
FNDA:4,(anonymous_5)
FNDA:15,(anonymous_6)
FNDA:3,(anonymous_7)
DA:3,7
DA:4,7
DA:5,7
DA:6,7
DA:7,7
DA:22,16
DA:28,16
DA:29,1
DA:32,15
DA:50,15
DA:52,15
DA:61,3
DA:69,2
DA:85,10
DA:87,10
DA:88,1
DA:91,9
DA:94,8
DA:105,8
DA:107,8
DA:119,5
DA:129,5
DA:130,5
DA:132,3
DA:144,3
DA:145,3
DA:148,3
DA:166,8
DA:172,7
DA:174,7
DA:179,7
DA:180,7
DA:182,7
DA:184,5
DA:193,4
DA:199,4
DA:201,4
DA:218,15
DA:219,15
DA:221,14
DA:226,14
DA:227,3
DA:228,3
DA:231,11
DA:232,11
DA:234,11
DA:235,7
DA:236,7
DA:239,11
DA:240,6
DA:241,6
DA:244,11
DA:245,2
DA:246,2
DA:249,11
DA:254,7
LF:56
LH:56
BRDA:28,0,0,1
BRDA:28,0,1,15
BRDA:87,1,0,1
BRDA:87,1,1,9
BRDA:130,2,0,2
BRDA:130,2,1,3
BRDA:182,3,0,2
BRDA:182,3,1,5
BRDA:201,4,0,2
BRDA:201,4,1,2
BRDA:219,5,0,1
BRDA:219,5,1,14
BRDA:226,6,0,3
BRDA:226,6,1,11
BRDA:234,7,0,7
BRDA:234,7,1,4
BRDA:239,8,0,6
BRDA:239,8,1,5
BRDA:244,9,0,2
BRDA:244,9,1,9
BRF:20
BRH:20
end_of_record
TN:
SF:models/job.js
FN:25,(anonymous_0)
FN:32,(anonymous_1)
FN:74,(anonymous_2)
FN:100,(anonymous_3)
FN:127,(anonymous_4)
FN:169,(anonymous_5)
FN:200,(anonymous_6)
FN:227,(anonymous_7)
FN:237,(anonymous_8)
FNF:9
FNH:9
FNDA:16,(anonymous_0)
FNDA:2,(anonymous_1)
FNDA:3,(anonymous_2)
FNDA:10,(anonymous_3)
FNDA:5,(anonymous_4)
FNDA:10,(anonymous_5)
FNDA:4,(anonymous_6)
FNDA:17,(anonymous_7)
FNDA:3,(anonymous_8)
DA:3,6
DA:4,6
DA:5,6
DA:6,6
DA:7,6
DA:8,6
DA:26,16
DA:31,16
DA:32,2
DA:33,2
DA:36,14
DA:42,14
DA:43,14
DA:44,1
DA:48,13
DA:64,13
DA:65,13
DA:75,3
DA:83,2
DA:101,10
DA:104,9
DA:113,9
DA:115,9
DA:128,5
DA:129,1
DA:132,4
DA:142,4
DA:143,4
DA:145,4
DA:147,2
DA:170,10
DA:171,1
DA:174,9
DA:177,8
DA:179,8
DA:184,8
DA:185,8
DA:187,8
DA:189,6
DA:201,4
DA:207,4
DA:209,4
DA:228,17
DA:229,17
DA:231,16
DA:236,16
DA:237,3
DA:238,3
DA:241,13
DA:242,13
DA:244,13
DA:245,9
DA:246,9
DA:248,13
DA:249,7
DA:250,7
DA:252,13
DA:253,5
DA:256,13
DA:261,6
LF:60
LH:60
BRDA:31,0,0,2
BRDA:31,0,1,14
BRDA:43,1,0,1
BRDA:43,1,1,13
BRDA:128,2,0,1
BRDA:128,2,1,4
BRDA:145,3,0,2
BRDA:145,3,1,2
BRDA:170,4,0,1
BRDA:170,4,1,9
BRDA:187,5,0,2
BRDA:187,5,1,6
BRDA:209,6,0,2
BRDA:209,6,1,2
BRDA:229,7,0,1
BRDA:229,7,1,16
BRDA:236,8,0,3
BRDA:236,8,1,13
BRDA:244,9,0,9
BRDA:244,9,1,4
BRDA:248,10,0,7
BRDA:248,10,1,6
BRDA:252,11,0,5
BRDA:252,11,1,8
BRF:24
BRH:24
end_of_record
TN:
SF:models/user.js
FN:24,(anonymous_0)
FN:59,(anonymous_1)
FN:104,(anonymous_2)
FN:126,(anonymous_3)
FN:162,(anonymous_4)
FN:195,(anonymous_5)
FNF:6
FNH:6
FNDA:8,(anonymous_0)
FNDA:24,(anonymous_1)
FNDA:3,(anonymous_2)
FNDA:5,(anonymous_3)
FNDA:9,(anonymous_4)
FNDA:5,(anonymous_5)
DA:3,6
DA:4,6
DA:5,6
DA:10,6
DA:12,6
DA:26,8
DA:38,8
DA:40,8
DA:42,5
DA:43,5
DA:44,4
DA:45,4
DA:49,4
DA:61,24
DA:68,24
DA:69,2
DA:72,22
DA:74,22
DA:94,22
DA:96,22
DA:105,3
DA:115,2
DA:127,5
DA:138,5
DA:140,5
DA:142,3
DA:163,9
DA:164,3
DA:167,9
DA:174,8
DA:176,8
DA:184,8
DA:185,8
DA:187,8
DA:189,6
DA:190,6
DA:196,5
DA:203,5
DA:205,5
DA:210,6
LF:40
LH:40
BRDA:40,0,0,5
BRDA:40,0,1,3
BRDA:43,1,0,4
BRDA:43,1,1,1
BRDA:68,2,0,2
BRDA:68,2,1,22
BRDA:140,3,0,2
BRDA:140,3,1,3
BRDA:163,4,0,3
BRDA:163,4,1,6
BRDA:187,5,0,2
BRDA:187,5,1,6
BRDA:205,6,0,2
BRDA:205,6,1,3
BRF:14
BRH:14
end_of_record
TN:
SF:routes/_testCommon.js
FN:9,commonBeforeAll
FN:88,commonBeforeEach
FN:92,commonAfterEach
FN:96,commonAfterAll
FNF:4
FNH:4
FNDA:4,commonBeforeAll
FNDA:102,commonBeforeEach
FNDA:102,commonAfterEach
FNDA:4,commonAfterAll
DA:3,4
DA:4,4
DA:5,4
DA:6,4
DA:7,4
DA:11,4
DA:13,4
DA:14,4
DA:17,4
DA:25,4
DA:33,4
DA:42,4
DA:50,4
DA:58,4
DA:66,4
DA:74,4
DA:80,4
DA:89,102
DA:93,102
DA:97,4
DA:101,4
DA:102,4
DA:105,4
LF:23
LH:23
BRF:0
BRH:0
end_of_record
TN:
SF:routes/auth.js
FN:22,(anonymous_0)
FN:29,(anonymous_1)
FN:49,(anonymous_2)
FN:56,(anonymous_3)
FNF:4
FNH:4
FNDA:5,(anonymous_0)
FNDA:2,(anonymous_1)
FNDA:4,(anonymous_2)
FNDA:5,(anonymous_3)
DA:5,5
DA:7,5
DA:8,5
DA:9,5
DA:10,5
DA:11,5
DA:12,5
DA:13,5
DA:22,5
DA:23,5
DA:28,5
DA:29,2
DA:30,2
DA:33,3
DA:34,3
DA:35,1
DA:36,1
DA:49,5
DA:50,4
DA:55,4
DA:56,5
DA:57,2
DA:60,2
DA:61,1
DA:62,1
DA:66,5
LF:26
LH:26
BRDA:28,0,0,2
BRDA:28,0,1,3
BRDA:55,1,0,2
BRDA:55,1,1,2
BRF:4
BRH:4
end_of_record
TN:
SF:routes/companies.js
FN:29,(anonymous_0)
FN:36,(anonymous_1)
FN:55,(anonymous_2)
FN:73,(anonymous_3)
FN:93,(anonymous_4)
FN:113,(anonymous_5)
FN:121,(anonymous_6)
FN:138,(anonymous_7)
FNF:8
FNH:8
FNDA:3,(anonymous_0)
FNDA:3,(anonymous_1)
FNDA:7,(anonymous_2)
FNDA:1,(anonymous_3)
FNDA:3,(anonymous_4)
FNDA:6,(anonymous_5)
FNDA:2,(anonymous_6)
FNDA:2,(anonymous_7)
DA:5,5
DA:6,5
DA:8,5
DA:9,5
DA:10,5
DA:12,5
DA:13,5
DA:14,5
DA:15,5
DA:17,5
DA:29,5
DA:30,3
DA:35,3
DA:36,3
DA:37,2
DA:40,1
DA:41,1
DA:55,5
DA:56,7
DA:58,7
DA:59,2
DA:61,7
DA:62,1
DA:65,7
DA:66,7
DA:67,5
DA:72,5
DA:73,1
DA:74,1
DA:77,4
DA:78,4
DA:80,2
DA:81,1
DA:93,5
DA:94,3
DA:95,2
DA:109,5
DA:115,6
DA:120,6
DA:121,2
DA:122,2
DA:125,4
DA:126,3
DA:134,5
DA:139,2
DA:140,1
DA:144,5
LF:47
LH:47
BRDA:35,0,0,2
BRDA:35,0,1,1
BRDA:58,1,0,2
BRDA:58,1,1,5
BRDA:61,2,0,1
BRDA:61,2,1,6
BRDA:66,3,0,5
BRDA:66,3,1,2
BRDA:72,4,0,1
BRDA:72,4,1,4
BRDA:120,5,0,2
BRDA:120,5,1,4
BRF:12
BRH:12
end_of_record
TN:
SF:routes/jobs.js
FN:28,(anonymous_0)
FN:35,(anonymous_1)
FN:54,(anonymous_2)
FN:72,(anonymous_3)
FN:91,(anonymous_4)
FN:119,(anonymous_5)
FN:133,(anonymous_6)
FN:151,(anonymous_7)
FNF:8
FNH:8
FNDA:3,(anonymous_0)
FNDA:2,(anonymous_1)
FNDA:6,(anonymous_2)
FNDA:1,(anonymous_3)
FNDA:3,(anonymous_4)
FNDA:4,(anonymous_5)
FNDA:1,(anonymous_6)
FNDA:3,(anonymous_7)
DA:5,5
DA:6,5
DA:8,5
DA:9,5
DA:11,5
DA:13,5
DA:14,5
DA:15,5
DA:17,5
DA:28,5
DA:29,3
DA:34,3
DA:35,2
DA:36,2
DA:38,1
DA:39,1
DA:54,5
DA:55,6
DA:57,6
DA:58,1
DA:60,6
DA:61,1
DA:64,6
DA:65,6
DA:66,4
DA:71,4
DA:72,1
DA:73,1
DA:76,3
DA:77,3
DA:79,2
DA:80,1
DA:91,5
DA:93,3
DA:94,3
DA:96,3
DA:97,1
DA:100,2
DA:101,1
DA:115,5
DA:120,4
DA:122,4
DA:124,4
DA:125,1
DA:127,3
DA:132,3
DA:133,1
DA:134,1
DA:137,2
DA:138,1
DA:147,5
DA:153,3
DA:155,3
DA:157,3
DA:158,1
DA:160,2
DA:161,1
DA:165,5
LF:58
LH:58
BRDA:34,0,0,2
BRDA:34,0,1,1
BRDA:57,1,0,1
BRDA:57,1,1,5
BRDA:60,2,0,1
BRDA:60,2,1,5
BRDA:65,3,0,4
BRDA:65,3,1,2
BRDA:71,4,0,1
BRDA:71,4,1,3
BRDA:96,5,0,1
BRDA:96,5,1,2
BRDA:124,6,0,1
BRDA:124,6,1,3
BRDA:132,7,0,1
BRDA:132,7,1,2
BRDA:157,8,0,1
BRDA:157,8,1,2
BRF:18
BRH:18
end_of_record
TN:
SF:routes/users.js
FN:30,(anonymous_0)
FN:37,(anonymous_1)
FN:54,(anonymous_2)
FN:67,(anonymous_3)
FN:83,(anonymous_4)
FN:90,(anonymous_5)
FN:104,(anonymous_6)
FNF:7
FNH:7
FNDA:4,(anonymous_0)
FNDA:5,(anonymous_1)
FNDA:2,(anonymous_2)
FNDA:3,(anonymous_3)
FNDA:7,(anonymous_4)
FNDA:2,(anonymous_5)
FNDA:3,(anonymous_6)
DA:5,5
DA:7,5
DA:8,5
DA:9,5
DA:10,5
DA:11,5
DA:12,5
DA:13,5
DA:15,5
DA:30,5
DA:31,4
DA:36,4
DA:37,5
DA:38,2
DA:41,2
DA:42,2
DA:43,2
DA:54,5
DA:55,2
DA:56,1
DA:67,5
DA:68,3
DA:69,2
DA:83,5
DA:84,7
DA:89,7
DA:90,2
DA:91,2
DA:94,5
DA:95,4
DA:104,5
DA:105,3
DA:106,2
DA:110,5
LF:34
LH:34
BRDA:36,0,0,2
BRDA:36,0,1,2
BRDA:89,1,0,2
BRDA:89,1,1,5
BRF:4
BRH:4
end_of_record
